#
# A fatal error has been detected by the Java Runtime Environment:
#
#  EXCEPTION_ACCESS_VIOLATION (0xc0000005) at pc=0x00007ffee5288571, pid=4452, tid=7132
#
# JRE version: OpenJDK Runtime Environment Temurin-18.0.2.1+1 (18.0.2.1+1) (build 18.0.2.1+1)
# Java VM: OpenJDK 64-Bit Server VM Temurin-18.0.2.1+1 (18.0.2.1+1, mixed mode, tiered, compressed oops, compressed class ptrs, g1 gc, windows-amd64)
# Problematic frame:
# V  [jvm.dll+0x328571]
#
# No core dump will be written. Minidumps are not enabled by default on client versions of Windows
#
# If you would like to submit a bug report, please visit:
#   https://github.com/adoptium/adoptium-support/issues
#

---------------  S U M M A R Y ------------

Command Line: -Dfile.encoding=UTF-8 -XX:+ShowCodeDetailsInExceptionMessages kodlama.io.rentACar.RentACarApplication

Host: Intel(R) Core(TM) i5-7400 CPU @ 3.00GHz, 4 cores, 7G,  Windows 10 , 64 bit Build 19041 (10.0.19041.1889)
Time: Fri Nov  4 13:53:13 2022 Türkiye Standart Saati elapsed time: 4025.316183 seconds (0d 1h 7m 5s)

---------------  T H R E A D  ---------------

Current thread (0x000001a79b63bb10):  WorkerThread "GC Thread#0" [stack: 0x0000006677100000,0x0000006677200000] [id=7132]

Stack: [0x0000006677100000,0x0000006677200000],  sp=0x00000066771ff590,  free space=1021k
Native frames: (J=compiled Java code, j=interpreted, Vv=VM code, C=native code)
V  [jvm.dll+0x328571]
V  [jvm.dll+0x324dce]
V  [jvm.dll+0x334458]
V  [jvm.dll+0x33667e]
V  [jvm.dll+0x334aaa]
V  [jvm.dll+0x33621a]
V  [jvm.dll+0x341e33]
V  [jvm.dll+0x341f7b]
V  [jvm.dll+0x878564]
V  [jvm.dll+0x7f8f4a]
V  [jvm.dll+0x69c6b5]
C  [ucrtbase.dll+0x21bb2]
C  [KERNEL32.DLL+0x17034]
C  [ntdll.dll+0x526a1]


siginfo: EXCEPTION_ACCESS_VIOLATION (0xc0000005), reading address 0x0000000000020000


Register to memory mapping:

RIP=0x00007ffee5288571 jvm.dll
RAX=0x000001a79b639258 points into unknown readable memory: 0x0000000000000000 | 00 00 00 00 00 00 00 00
RBX=0x000001a7ba756840 points into unknown readable memory: 0x00007ffee58dd550 | 50 d5 8d e5 fe 7f 00 00
RCX=0x0 is NULL
RDX=0x0 is NULL
RSP=0x00000066771ff590 points into unknown readable memory: 0x000001a7ba756840 | 40 68 75 ba a7 01 00 00
RBP=0x0000000000001ccb is an unknown value
RSI=0x000001a79b5faf10 points into unknown readable memory: 0x0000000000000000 | 00 00 00 00 00 00 00 00
RDI=0x0000000084cf1340 is pointing into object: [Ljava.util.concurrent.ConcurrentHashMap$Node; 
{0x0000000084cf0530} - klass: 'java/util/concurrent/ConcurrentHashMap$Node'[]
 - length: 2048
R8 =0x0 is NULL
R9 =0x0000000000000d50 is an unknown value
R10=0x0000000000020000 is an unknown value
R11=0x0000000000000001 is an unknown value
R12=0x00000066771ff870 points into unknown readable memory: 0x00007ffee58de608 | 08 e6 8d e5 fe 7f 00 00
R13=0x000001a79b5f6380 points into unknown readable memory: 0x00000000000007ec | ec 07 00 00 00 00 00 00
R14=0x0000000000000040 is an unknown value
R15=0x0 is NULL


Registers:
RAX=0x000001a79b639258, RBX=0x000001a7ba756840, RCX=0x0000000000000000, RDX=0x0000000000000000
RSP=0x00000066771ff590, RBP=0x0000000000001ccb, RSI=0x000001a79b5faf10, RDI=0x0000000084cf1340
R8 =0x0000000000000000, R9 =0x0000000000000d50, R10=0x0000000000020000, R11=0x0000000000000001
R12=0x00000066771ff870, R13=0x000001a79b5f6380, R14=0x0000000000000040, R15=0x0000000000000000
RIP=0x00007ffee5288571, EFLAGS=0x0000000000010246

Top of Stack: (sp=0x00000066771ff590)
0x00000066771ff590:   000001a7ba756840 0000000000001cc9
0x00000066771ff5a0:   000001a79b5faf10 0000000000001cc9
0x00000066771ff5b0:   0000000083740000 00007ffee5291b7b
0x00000066771ff5c0:   0000ff000000ff00 00007ffee55f6f0f
0x00000066771ff5d0:   00000066771ff650 0000000000000000
0x00000066771ff5e0:   0000000000000400 00007ffee52936ac
0x00000066771ff5f0:   0000000083745d58 000001a7ae0c19e0
0x00000066771ff600:   0000000000000012 0000000000000480
0x00000066771ff610:   00000066771ff870 000000008373dc00
0x00000066771ff620:   000001a7ba756840 00007ffee5284dce
0x00000066771ff630:   0000000000000000 00000066771ff870
0x00000066771ff640:   000001a7ae0c0000 0000000000000012
0x00000066771ff650:   000000095f449b85 00000afba35f5f72
0x00000066771ff660:   00000066771ff870 000000008373dc00
0x00000066771ff670:   0000000083740000 00007ffee5294458
0x00000066771ff680:   000000008373dc00 00000066771ff6a0 

Instructions: (pc=0x00007ffee5288571)
0x00007ffee5288471:   e8 ea f3 ff ff e9 85 fd ff ff 0f 1f 44 00 00 48
0x00007ffee5288481:   8b 73 10 8b ae 80 00 00 00 8b cd 8b 86 00 01 00
0x00007ffee5288491:   00 2b c8 81 e1 ff ff 01 00 41 3b ce 0f 86 9c 02
0x00007ffee52884a1:   00 00 ff cd 81 e5 ff ff 01 00 89 ae 80 00 00 00
0x00007ffee52884b1:   e8 0a 67 36 00 48 8b 86 80 01 00 00 8b cd 8b d5
0x00007ffee52884c1:   48 8b 3c e8 8b 86 00 01 00 00 2b c8 81 e1 ff ff
0x00007ffee52884d1:   01 00 81 f9 ff ff 01 00 41 0f 44 cf 85 c9 75 41
0x00007ffee52884e1:   48 8b 86 00 01 00 00 48 8b c8 48 89 44 24 48 48
0x00007ffee52884f1:   c1 e9 20 ff c1 89 6c 24 40 89 4c 24 44 3b e8 0f
0x00007ffee5288501:   85 27 02 00 00 48 c1 e1 20 48 0b ca f0 48 0f b1
0x00007ffee5288511:   8e 00 01 00 00 0f 85 11 02 00 00 8b 86 00 01 00
0x00007ffee5288521:   00 40 f6 c7 01 0f 84 de 00 00 00 8b 0d 9e 64 80
0x00007ffee5288531:   00 48 ff cf 48 8b 43 08 44 8b 17 49 d3 e2 8b 88
0x00007ffee5288541:   20 06 00 00 4c 03 15 7c 64 80 00 48 8b 80 10 06
0x00007ffee5288551:   00 00 49 8b d2 48 d3 ea 0f b7 0c 50 66 89 8c 24
0x00007ffee5288561:   b0 00 00 00 66 c1 e9 08 84 c9 0f 88 0f ff ff ff
0x00007ffee5288571:   4d 8b 02 41 0f b6 c0 24 03 3c 03 75 06 49 83 e0
0x00007ffee5288581:   fc eb 19 0f b7 94 24 b0 00 00 00 4d 8b c8 4d 8b
0x00007ffee5288591:   c2 48 8b cb e8 46 ee ff ff 4c 8b c0 8b 0d 2d 64
0x00007ffee52885a1:   80 00 49 8b d0 48 2b 15 1b 64 80 00 48 d3 ea 89
0x00007ffee52885b1:   17 49 8b d0 8b 0d 55 f7 87 00 48 33 d7 48 d3 ea
0x00007ffee52885c1:   48 85 d2 0f 84 b6 fe ff ff 48 8b 43 08 4c 8b 88
0x00007ffee52885d1:   10 06 00 00 8b 88 20 06 00 00 48 8b c7 48 d3 e8
0x00007ffee52885e1:   41 0f b7 14 41 66 89 54 24 30 66 c1 ea 08 80 fa
0x00007ffee52885f1:   fe 0f 84 88 fe ff ff 49 d3 e8 43 0f b7 0c 41 66
0x00007ffee5288601:   89 4c 24 34 e9 be 00 00 00 40 f6 c7 03 0f 85 08
0x00007ffee5288611:   01 00 00 48 8b 43 08 4c 8b 17 49 8b d2 8b 88 20
0x00007ffee5288621:   06 00 00 48 8b 80 10 06 00 00 48 d3 ea 0f b7 0c
0x00007ffee5288631:   50 66 89 8c 24 b8 00 00 00 66 c1 e9 08 84 c9 0f
0x00007ffee5288641:   88 3a fe ff ff 4d 8b 02 41 0f b6 c0 24 03 3c 03
0x00007ffee5288651:   75 06 49 83 e0 fc eb 19 0f b7 94 24 b8 00 00 00
0x00007ffee5288661:   4d 8b c8 4d 8b c2 48 8b cb e8 71 ed ff ff 4c 8b 


Stack slot to memory mapping:
stack at sp + 0 slots: 0x000001a7ba756840 points into unknown readable memory: 0x00007ffee58dd550 | 50 d5 8d e5 fe 7f 00 00
stack at sp + 1 slots: 0x0000000000001cc9 is an unknown value
stack at sp + 2 slots: 0x000001a79b5faf10 points into unknown readable memory: 0x0000000000000000 | 00 00 00 00 00 00 00 00
stack at sp + 3 slots: 0x0000000000001cc9 is an unknown value
stack at sp + 4 slots: 0x0000000083740000 is pointing into object: [Ljava.util.concurrent.ConcurrentHashMap$Node; 
{0x000000008373dd48} - klass: 'java/util/concurrent/ConcurrentHashMap$Node'[]
 - length: 8192
stack at sp + 5 slots: 0x00007ffee5291b7b jvm.dll
stack at sp + 6 slots: 0x0000ff000000ff00 is an unknown value
stack at sp + 7 slots: 0x00007ffee55f6f0f jvm.dll


---------------  P R O C E S S  ---------------

Threads class SMR info:
_java_thread_list=0x000001a7b936c120, length=30, elements={
0x000001a7b4cdcba0, 0x000001a7b4cde0b0, 0x000001a7b4d36920, 0x000001a7b9000080,
0x000001a7b9000ce0, 0x000001a7b9003aa0, 0x000001a7b900a600, 0x000001a7b900b3e0,
0x000001a7b9050810, 0x000001a7b918d150, 0x000001a7b91a89f0, 0x000001a7b9bf4bf0,
0x000001a7bcee99c0, 0x000001a7bcee5660, 0x000001a7bcee4cc0, 0x000001a7bcee34b0,
0x000001a7bcee2b10, 0x000001a7bcee4320, 0x000001a7bcee7810, 0x000001a7bcee7ce0,
0x000001a7bcee47f0, 0x000001a7bcee9020, 0x000001a7bcee2640, 0x000001a7bcee94f0,
0x000001a7bcee2fe0, 0x000001a7b9bf5f30, 0x000001a7b9bf7740, 0x000001a7b9bf6da0,
0x000001a7b9bf6400, 0x000001a7b9bf85b0
}

Java Threads: ( => current thread )
  0x000001a7b4cdcba0 JavaThread "Reference Handler" daemon [_thread_blocked, id=10172, stack(0x0000006677700000,0x0000006677800000)]
  0x000001a7b4cde0b0 JavaThread "Finalizer" daemon [_thread_blocked, id=9684, stack(0x0000006677800000,0x0000006677900000)]
  0x000001a7b4d36920 JavaThread "Signal Dispatcher" daemon [_thread_blocked, id=8764, stack(0x0000006677900000,0x0000006677a00000)]
  0x000001a7b9000080 JavaThread "Attach Listener" daemon [_thread_blocked, id=10344, stack(0x0000006677a00000,0x0000006677b00000)]
  0x000001a7b9000ce0 JavaThread "Service Thread" daemon [_thread_blocked, id=2252, stack(0x0000006677b00000,0x0000006677c00000)]
  0x000001a7b9003aa0 JavaThread "Monitor Deflation Thread" daemon [_thread_blocked, id=7272, stack(0x0000006677c00000,0x0000006677d00000)]
  0x000001a7b900a600 JavaThread "C2 CompilerThread0" daemon [_thread_blocked, id=7092, stack(0x0000006677d00000,0x0000006677e00000)]
  0x000001a7b900b3e0 JavaThread "C1 CompilerThread0" daemon [_thread_blocked, id=9484, stack(0x0000006677e00000,0x0000006677f00000)]
  0x000001a7b9050810 JavaThread "Sweeper thread" daemon [_thread_blocked, id=6168, stack(0x0000006677f00000,0x0000006678000000)]
  0x000001a7b918d150 JavaThread "Notification Thread" daemon [_thread_blocked, id=8644, stack(0x0000006678000000,0x0000006678100000)]
  0x000001a7b91a89f0 JavaThread "Common-Cleaner" daemon [_thread_blocked, id=9820, stack(0x0000006678200000,0x0000006678300000)]
  0x000001a7b9bf4bf0 JavaThread "Live Reload Server" daemon [_thread_in_native, id=7424, stack(0x0000006679200000,0x0000006679300000)]
  0x000001a7bcee99c0 JavaThread "DestroyJavaVM" [_thread_blocked, id=1292, stack(0x0000006677000000,0x0000006677100000)]
  0x000001a7bcee5660 JavaThread "Catalina-utility-1" [_thread_blocked, id=10464, stack(0x0000006678800000,0x0000006678900000)]
  0x000001a7bcee4cc0 JavaThread "Catalina-utility-2" [_thread_blocked, id=1536, stack(0x0000006678900000,0x0000006678a00000)]
  0x000001a7bcee34b0 JavaThread "container-0" [_thread_blocked, id=10596, stack(0x0000006678a00000,0x0000006678b00000)]
  0x000001a7bcee2b10 JavaThread "HikariPool-16 housekeeper" daemon [_thread_blocked, id=2500, stack(0x0000006678b00000,0x0000006678c00000)]
  0x000001a7bcee4320 JavaThread "File Watcher" daemon [_thread_blocked, id=5376, stack(0x0000006678e00000,0x0000006678f00000)]
  0x000001a7bcee7810 JavaThread "http-nio-8080-exec-1" daemon [_thread_blocked, id=6828, stack(0x0000006678f00000,0x0000006679000000)]
  0x000001a7bcee7ce0 JavaThread "http-nio-8080-exec-2" daemon [_thread_blocked, id=10940, stack(0x0000006679000000,0x0000006679100000)]
  0x000001a7bcee47f0 JavaThread "http-nio-8080-exec-3" daemon [_thread_blocked, id=2052, stack(0x0000006679100000,0x0000006679200000)]
  0x000001a7bcee9020 JavaThread "http-nio-8080-exec-4" daemon [_thread_blocked, id=11096, stack(0x0000006679300000,0x0000006679400000)]
  0x000001a7bcee2640 JavaThread "http-nio-8080-exec-5" daemon [_thread_blocked, id=10692, stack(0x0000006679400000,0x0000006679500000)]
  0x000001a7bcee94f0 JavaThread "http-nio-8080-exec-6" daemon [_thread_blocked, id=11152, stack(0x0000006679500000,0x0000006679600000)]
  0x000001a7bcee2fe0 JavaThread "http-nio-8080-exec-7" daemon [_thread_blocked, id=3960, stack(0x0000006679600000,0x0000006679700000)]
  0x000001a7b9bf5f30 JavaThread "http-nio-8080-exec-8" daemon [_thread_blocked, id=10052, stack(0x0000006679700000,0x0000006679800000)]
  0x000001a7b9bf7740 JavaThread "http-nio-8080-exec-9" daemon [_thread_blocked, id=10392, stack(0x0000006679800000,0x0000006679900000)]
  0x000001a7b9bf6da0 JavaThread "http-nio-8080-exec-10" daemon [_thread_blocked, id=10744, stack(0x0000006679900000,0x0000006679a00000)]
  0x000001a7b9bf6400 JavaThread "http-nio-8080-Poller" daemon [_thread_in_native, id=228, stack(0x0000006679a00000,0x0000006679b00000)]
  0x000001a7b9bf85b0 JavaThread "http-nio-8080-Acceptor" daemon [_thread_in_native, id=5484, stack(0x0000006679b00000,0x0000006679c00000)]

Other Threads:
  0x000001a79b653c10 VMThread "VM Thread" [stack: 0x0000006677600000,0x0000006677700000] [id=3040]
  0x000001a7b9193630 WatcherThread "VM Periodic Task Thread" [stack: 0x0000006678100000,0x0000006678200000] [id=7800]
=>0x000001a79b63bb10 WorkerThread "GC Thread#0" [stack: 0x0000006677100000,0x0000006677200000] [id=7132]
  0x000001a7b9d66c60 WorkerThread "GC Thread#1" [stack: 0x0000006678400000,0x0000006678500000] [id=7728]
  0x000001a7b98bc6c0 WorkerThread "GC Thread#2" [stack: 0x0000006678500000,0x0000006678600000] [id=7872]
  0x000001a7b9927e20 WorkerThread "GC Thread#3" [stack: 0x0000006678600000,0x0000006678700000] [id=9128]
  0x000001a79b64cf60 ConcurrentGCThread "G1 Main Marker" [stack: 0x0000006677200000,0x0000006677300000] [id=9020]
  0x000001a79b64d950 WorkerThread "G1 Conc#0" [stack: 0x0000006677300000,0x0000006677400000] [id=7860]
  0x000001a79b68f1f0 ConcurrentGCThread "G1 Refine#0" [stack: 0x0000006677400000,0x0000006677500000] [id=2180]
  0x000001a7b98bc960 ConcurrentGCThread "G1 Refine#1" [stack: 0x0000006678700000,0x0000006678800000] [id=7252]
  0x000001a79b692730 ConcurrentGCThread "G1 Service" [stack: 0x0000006677500000,0x0000006677600000] [id=10368]

Threads with active compile tasks:

VM state: at safepoint (normal execution)

VM Mutex/Monitor currently owned by a thread:  ([mutex/lock_event])
[0x000001a79b5d8230] Threads_lock - owner thread: 0x000001a79b653c10
[0x000001a79b5d82c0] Heap_lock - owner thread: 0x000001a7bcee4320

Heap address: 0x0000000081400000, size: 2028 MB, Compressed Oops mode: 32-bit

CDS archive(s) not mapped
Compressed class space mapped at: 0x0000000100000000-0x0000000140000000, reserved size: 1073741824
Narrow klass base: 0x0000000000000000, Narrow klass shift: 3, Narrow klass range: 0x140000000

GC Precious Log:
 CardTable entry size: 512
 Card Set container configuration: InlinePtr #cards 5 size 8 Array Of Cards #cards 12 size 40 Howl #buckets 4 coarsen threshold 1843 Howl Bitmap #cards 512 size 80 coarsen threshold 460 Card regions per heap region 1 cards per card region 2048
 CPUs: 4 total, 4 available
 Memory: 8108M
 Large Page Support: Disabled
 NUMA Support: Disabled
 Compressed Oops: Enabled (32-bit)
 Heap Region Size: 1M
 Heap Min Capacity: 8M
 Heap Initial Capacity: 128M
 Heap Max Capacity: 2028M
 Pre-touch: Disabled
 Parallel Workers: 4
 Concurrent Workers: 1
 Concurrent Refinement Workers: 4
 Periodic GC: Disabled

Heap:
 garbage-first heap   total 225280K, used 64513K [0x0000000081400000, 0x0000000100000000)
  region size 1024K, 7 young (7168K), 1 survivors (1024K)
 Metaspace       used 74712K, committed 75520K, reserved 1179648K
  class space    used 8904K, committed 9280K, reserved 1048576K

Heap Regions: E=young(eden), S=young(survivor), O=old, HS=humongous(starts), HC=humongous(continues), CS=collection set, F=free, OA=open archive, CA=closed archive, TAMS=top-at-mark-start (previous, next)
|   0|0x0000000081400000, 0x0000000081500000, 0x0000000081500000|100%|HS|  |TAMS 0x0000000081500000, 0x0000000081400000| Complete 
|   1|0x0000000081500000, 0x0000000081600000, 0x0000000081600000|100%| O|  |TAMS 0x0000000081600000, 0x0000000081500000| Untracked 
|   2|0x0000000081600000, 0x00000000816fff88, 0x0000000081700000| 99%| O|  |TAMS 0x00000000816fff88, 0x0000000081600000| Untracked 
|   3|0x0000000081700000, 0x0000000081800000, 0x0000000081800000|100%| O|  |TAMS 0x0000000081800000, 0x0000000081700000| Untracked 
|   4|0x0000000081800000, 0x0000000081900000, 0x0000000081900000|100%| O|  |TAMS 0x0000000081900000, 0x0000000081800000| Untracked 
|   5|0x0000000081900000, 0x0000000081a00000, 0x0000000081a00000|100%| O|  |TAMS 0x0000000081a00000, 0x0000000081900000| Untracked 
|   6|0x0000000081a00000, 0x0000000081affff8, 0x0000000081b00000| 99%| O|  |TAMS 0x0000000081affff8, 0x0000000081a00000| Untracked 
|   7|0x0000000081b00000, 0x0000000081bffff8, 0x0000000081c00000| 99%| O|  |TAMS 0x0000000081bffff8, 0x0000000081b00000| Untracked 
|   8|0x0000000081c00000, 0x0000000081cffff8, 0x0000000081d00000| 99%| O|  |TAMS 0x0000000081cffff8, 0x0000000081c00000| Untracked 
|   9|0x0000000081d00000, 0x0000000081dffff0, 0x0000000081e00000| 99%| O|  |TAMS 0x0000000081dffff0, 0x0000000081d00000| Untracked 
|  10|0x0000000081e00000, 0x0000000081effff0, 0x0000000081f00000| 99%| O|  |TAMS 0x0000000081effff0, 0x0000000081e00000| Untracked 
|  11|0x0000000081f00000, 0x0000000082000000, 0x0000000082000000|100%| O|  |TAMS 0x0000000082000000, 0x0000000081f00000| Untracked 
|  12|0x0000000082000000, 0x00000000820ffff0, 0x0000000082100000| 99%| O|  |TAMS 0x00000000820ffff0, 0x0000000082000000| Untracked 
|  13|0x0000000082100000, 0x00000000821ffff8, 0x0000000082200000| 99%| O|  |TAMS 0x00000000821ffff8, 0x0000000082100000| Untracked 
|  14|0x0000000082200000, 0x00000000822ffff0, 0x0000000082300000| 99%| O|  |TAMS 0x00000000822ffff0, 0x0000000082200000| Untracked 
|  15|0x0000000082300000, 0x0000000082400000, 0x0000000082400000|100%| O|  |TAMS 0x0000000082400000, 0x0000000082300000| Untracked 
|  16|0x0000000082400000, 0x00000000824ffff0, 0x0000000082500000| 99%| O|  |TAMS 0x00000000824ffff0, 0x0000000082400000| Untracked 
|  17|0x0000000082500000, 0x0000000082600000, 0x0000000082600000|100%| O|  |TAMS 0x0000000082600000, 0x0000000082500000| Untracked 
|  18|0x0000000082600000, 0x0000000082700000, 0x0000000082700000|100%| O|  |TAMS 0x0000000082700000, 0x0000000082600000| Untracked 
|  19|0x0000000082700000, 0x0000000082800000, 0x0000000082800000|100%| O|  |TAMS 0x0000000082800000, 0x0000000082700000| Untracked 
|  20|0x0000000082800000, 0x0000000082900000, 0x0000000082900000|100%| O|  |TAMS 0x0000000082900000, 0x0000000082800000| Untracked 
|  21|0x0000000082900000, 0x00000000829ffd60, 0x0000000082a00000| 99%| O|  |TAMS 0x00000000829ffd60, 0x0000000082900000| Untracked 
|  22|0x0000000082a00000, 0x0000000082afffd8, 0x0000000082b00000| 99%| O|  |TAMS 0x0000000082afffd8, 0x0000000082a00000| Untracked 
|  23|0x0000000082b00000, 0x0000000082c00000, 0x0000000082c00000|100%| O|  |TAMS 0x0000000082c00000, 0x0000000082b00000| Untracked 
|  24|0x0000000082c00000, 0x0000000082c749d0, 0x0000000082d00000| 45%| O|CS|TAMS 0x0000000082c749d0, 0x0000000082c00000| Complete 
|  25|0x0000000082d00000, 0x0000000082e00000, 0x0000000082e00000|100%| O|  |TAMS 0x0000000082d00000, 0x0000000082d00000| Untracked 
|  26|0x0000000082e00000, 0x0000000082f00000, 0x0000000082f00000|100%| O|  |TAMS 0x0000000082f00000, 0x0000000082e00000| Untracked 
|  27|0x0000000082f00000, 0x0000000083000000, 0x0000000083000000|100%| O|  |TAMS 0x0000000083000000, 0x0000000082f00000| Untracked 
|  28|0x0000000083000000, 0x0000000083028718, 0x0000000083100000| 15%| O|  |TAMS 0x0000000083028718, 0x0000000083000000| Untracked 
|  29|0x0000000083100000, 0x0000000083200000, 0x0000000083200000|100%| O|  |TAMS 0x0000000083200000, 0x0000000083100000| Untracked 
|  30|0x0000000083200000, 0x0000000083300000, 0x0000000083300000|100%| O|  |TAMS 0x0000000083300000, 0x0000000083200000| Untracked 
|  31|0x0000000083300000, 0x000000008332b718, 0x0000000083400000| 16%| O|  |TAMS 0x000000008332b718, 0x0000000083300000| Untracked 
|  32|0x0000000083400000, 0x0000000083500000, 0x0000000083500000|100%| O|  |TAMS 0x0000000083500000, 0x0000000083400000| Untracked 
|  33|0x0000000083500000, 0x0000000083600000, 0x0000000083600000|100%| O|  |TAMS 0x0000000083600000, 0x0000000083500000| Untracked 
|  34|0x0000000083600000, 0x0000000083700000, 0x0000000083700000|100%| O|  |TAMS 0x0000000083700000, 0x0000000083600000| Untracked 
|  35|0x0000000083700000, 0x0000000083800000, 0x0000000083800000|100%| O|  |TAMS 0x0000000083800000, 0x0000000083700000| Untracked 
|  36|0x0000000083800000, 0x0000000083900000, 0x0000000083900000|100%| O|  |TAMS 0x0000000083900000, 0x0000000083800000| Untracked 
|  37|0x0000000083900000, 0x0000000083a00000, 0x0000000083a00000|100%| O|  |TAMS 0x0000000083a00000, 0x0000000083900000| Untracked 
|  38|0x0000000083a00000, 0x0000000083b00000, 0x0000000083b00000|100%| O|  |TAMS 0x0000000083b00000, 0x0000000083a00000| Untracked 
|  39|0x0000000083b00000, 0x0000000083c00000, 0x0000000083c00000|100%| O|  |TAMS 0x0000000083c00000, 0x0000000083b00000| Untracked 
|  40|0x0000000083c00000, 0x0000000083d00000, 0x0000000083d00000|100%| O|  |TAMS 0x0000000083ce4c00, 0x0000000083c00000| Untracked 
|  41|0x0000000083d00000, 0x0000000083e00000, 0x0000000083e00000|100%| O|  |TAMS 0x0000000083d00000, 0x0000000083d00000| Untracked 
|  42|0x0000000083e00000, 0x0000000083f00000, 0x0000000083f00000|100%| O|  |TAMS 0x0000000083e00000, 0x0000000083e00000| Untracked 
|  43|0x0000000083f00000, 0x0000000084000000, 0x0000000084000000|100%| O|  |TAMS 0x0000000083f00000, 0x0000000083f00000| Untracked 
|  44|0x0000000084000000, 0x0000000084100000, 0x0000000084100000|100%| O|  |TAMS 0x0000000084000000, 0x0000000084000000| Untracked 
|  45|0x0000000084100000, 0x0000000084200000, 0x0000000084200000|100%| O|  |TAMS 0x0000000084100000, 0x0000000084100000| Untracked 
|  46|0x0000000084200000, 0x0000000084300000, 0x0000000084300000|100%| O|  |TAMS 0x0000000084200000, 0x0000000084200000| Untracked 
|  47|0x0000000084300000, 0x0000000084400000, 0x0000000084400000|100%| O|  |TAMS 0x0000000084300000, 0x0000000084300000| Untracked 
|  48|0x0000000084400000, 0x0000000084500000, 0x0000000084500000|100%| O|  |TAMS 0x0000000084400000, 0x0000000084400000| Untracked 
|  49|0x0000000084500000, 0x0000000084600000, 0x0000000084600000|100%| O|  |TAMS 0x0000000084500000, 0x0000000084500000| Untracked 
|  50|0x0000000084600000, 0x0000000084700000, 0x0000000084700000|100%| O|  |TAMS 0x0000000084600000, 0x0000000084600000| Untracked 
|  51|0x0000000084700000, 0x0000000084800000, 0x0000000084800000|100%| O|  |TAMS 0x0000000084700000, 0x0000000084700000| Untracked 
|  52|0x0000000084800000, 0x0000000084900000, 0x0000000084900000|100%| O|  |TAMS 0x0000000084800000, 0x0000000084800000| Untracked 
|  53|0x0000000084900000, 0x0000000084a00000, 0x0000000084a00000|100%| O|  |TAMS 0x0000000084900000, 0x0000000084900000| Untracked 
|  54|0x0000000084a00000, 0x0000000084b00000, 0x0000000084b00000|100%| O|  |TAMS 0x0000000084a00000, 0x0000000084a00000| Untracked 
|  55|0x0000000084b00000, 0x0000000084c00000, 0x0000000084c00000|100%| O|  |TAMS 0x0000000084b00000, 0x0000000084b00000| Untracked 
|  56|0x0000000084c00000, 0x0000000084d00000, 0x0000000084d00000|100%| O|  |TAMS 0x0000000084c00000, 0x0000000084c00000| Untracked 
|  57|0x0000000084d00000, 0x0000000084e00000, 0x0000000084e00000|100%| O|  |TAMS 0x0000000084d00000, 0x0000000084d00000| Untracked 
|  58|0x0000000084e00000, 0x0000000084ed7f70, 0x0000000084f00000| 84%| O|  |TAMS 0x0000000084e00000, 0x0000000084e00000| Untracked 
|  59|0x0000000084f00000, 0x0000000084f00000, 0x0000000085000000|  0%| F|  |TAMS 0x0000000084f00000, 0x0000000084f00000| Untracked 
|  60|0x0000000085000000, 0x0000000085000000, 0x0000000085100000|  0%| F|  |TAMS 0x0000000085000000, 0x0000000085000000| Untracked 
|  61|0x0000000085100000, 0x0000000085100000, 0x0000000085200000|  0%| F|  |TAMS 0x0000000085100000, 0x0000000085100000| Untracked 
|  62|0x0000000085200000, 0x0000000085200000, 0x0000000085300000|  0%| F|  |TAMS 0x0000000085200000, 0x0000000085200000| Untracked 
|  63|0x0000000085300000, 0x0000000085300000, 0x0000000085400000|  0%| F|  |TAMS 0x0000000085300000, 0x0000000085300000| Untracked 
|  64|0x0000000085400000, 0x0000000085400000, 0x0000000085500000|  0%| F|  |TAMS 0x0000000085400000, 0x0000000085400000| Untracked 
|  65|0x0000000085500000, 0x0000000085500000, 0x0000000085600000|  0%| F|  |TAMS 0x0000000085500000, 0x0000000085500000| Untracked 
|  66|0x0000000085600000, 0x0000000085600000, 0x0000000085700000|  0%| F|  |TAMS 0x0000000085600000, 0x0000000085600000| Untracked 
|  67|0x0000000085700000, 0x0000000085700000, 0x0000000085800000|  0%| F|  |TAMS 0x0000000085700000, 0x0000000085700000| Untracked 
|  68|0x0000000085800000, 0x0000000085800000, 0x0000000085900000|  0%| F|  |TAMS 0x0000000085800000, 0x0000000085800000| Untracked 
|  69|0x0000000085900000, 0x0000000085900000, 0x0000000085a00000|  0%| F|  |TAMS 0x0000000085900000, 0x0000000085900000| Untracked 
|  70|0x0000000085a00000, 0x0000000085a00000, 0x0000000085b00000|  0%| F|  |TAMS 0x0000000085a00000, 0x0000000085a00000| Untracked 
|  71|0x0000000085b00000, 0x0000000085b00000, 0x0000000085c00000|  0%| F|  |TAMS 0x0000000085b00000, 0x0000000085b00000| Untracked 
|  72|0x0000000085c00000, 0x0000000085c00000, 0x0000000085d00000|  0%| F|  |TAMS 0x0000000085c00000, 0x0000000085c00000| Untracked 
|  73|0x0000000085d00000, 0x0000000085d00000, 0x0000000085e00000|  0%| F|  |TAMS 0x0000000085d00000, 0x0000000085d00000| Untracked 
|  74|0x0000000085e00000, 0x0000000085e00000, 0x0000000085f00000|  0%| F|  |TAMS 0x0000000085e00000, 0x0000000085e00000| Untracked 
|  75|0x0000000085f00000, 0x0000000085f00000, 0x0000000086000000|  0%| F|  |TAMS 0x0000000085f00000, 0x0000000085f00000| Untracked 
|  76|0x0000000086000000, 0x0000000086000000, 0x0000000086100000|  0%| F|  |TAMS 0x0000000086000000, 0x0000000086000000| Untracked 
|  77|0x0000000086100000, 0x0000000086100000, 0x0000000086200000|  0%| F|  |TAMS 0x0000000086100000, 0x0000000086100000| Untracked 
|  78|0x0000000086200000, 0x0000000086200000, 0x0000000086300000|  0%| F|  |TAMS 0x0000000086200000, 0x0000000086200000| Untracked 
|  79|0x0000000086300000, 0x0000000086300000, 0x0000000086400000|  0%| F|  |TAMS 0x0000000086300000, 0x0000000086300000| Untracked 
|  80|0x0000000086400000, 0x0000000086400000, 0x0000000086500000|  0%| F|  |TAMS 0x0000000086400000, 0x0000000086400000| Untracked 
|  81|0x0000000086500000, 0x0000000086500000, 0x0000000086600000|  0%| F|  |TAMS 0x0000000086500000, 0x0000000086500000| Untracked 
|  82|0x0000000086600000, 0x0000000086600000, 0x0000000086700000|  0%| F|  |TAMS 0x0000000086600000, 0x0000000086600000| Untracked 
|  83|0x0000000086700000, 0x0000000086700000, 0x0000000086800000|  0%| F|  |TAMS 0x0000000086700000, 0x0000000086700000| Untracked 
|  84|0x0000000086800000, 0x0000000086800000, 0x0000000086900000|  0%| F|  |TAMS 0x0000000086800000, 0x0000000086800000| Untracked 
|  85|0x0000000086900000, 0x0000000086900000, 0x0000000086a00000|  0%| F|  |TAMS 0x0000000086900000, 0x0000000086900000| Untracked 
|  86|0x0000000086a00000, 0x0000000086a00000, 0x0000000086b00000|  0%| F|  |TAMS 0x0000000086a00000, 0x0000000086a00000| Untracked 
|  87|0x0000000086b00000, 0x0000000086b00000, 0x0000000086c00000|  0%| F|  |TAMS 0x0000000086b00000, 0x0000000086b00000| Untracked 
|  88|0x0000000086c00000, 0x0000000086c00000, 0x0000000086d00000|  0%| F|  |TAMS 0x0000000086c00000, 0x0000000086c00000| Untracked 
|  89|0x0000000086d00000, 0x0000000086d00000, 0x0000000086e00000|  0%| F|  |TAMS 0x0000000086d00000, 0x0000000086d00000| Untracked 
|  90|0x0000000086e00000, 0x0000000086e00000, 0x0000000086f00000|  0%| F|  |TAMS 0x0000000086e00000, 0x0000000086e00000| Untracked 
|  91|0x0000000086f00000, 0x0000000086f00000, 0x0000000087000000|  0%| F|  |TAMS 0x0000000086f00000, 0x0000000086f00000| Untracked 
|  92|0x0000000087000000, 0x0000000087000000, 0x0000000087100000|  0%| F|  |TAMS 0x0000000087000000, 0x0000000087000000| Untracked 
|  93|0x0000000087100000, 0x0000000087100000, 0x0000000087200000|  0%| F|  |TAMS 0x0000000087100000, 0x0000000087100000| Untracked 
|  94|0x0000000087200000, 0x0000000087200000, 0x0000000087300000|  0%| F|  |TAMS 0x0000000087200000, 0x0000000087200000| Untracked 
|  95|0x0000000087300000, 0x0000000087300000, 0x0000000087400000|  0%| F|  |TAMS 0x0000000087300000, 0x0000000087300000| Untracked 
|  96|0x0000000087400000, 0x0000000087400000, 0x0000000087500000|  0%| F|  |TAMS 0x0000000087400000, 0x0000000087400000| Untracked 
|  97|0x0000000087500000, 0x0000000087500000, 0x0000000087600000|  0%| F|  |TAMS 0x0000000087500000, 0x0000000087500000| Untracked 
|  98|0x0000000087600000, 0x0000000087600000, 0x0000000087700000|  0%| F|  |TAMS 0x0000000087600000, 0x0000000087600000| Untracked 
|  99|0x0000000087700000, 0x0000000087700000, 0x0000000087800000|  0%| F|  |TAMS 0x0000000087700000, 0x0000000087700000| Untracked 
| 100|0x0000000087800000, 0x0000000087800000, 0x0000000087900000|  0%| F|  |TAMS 0x0000000087800000, 0x0000000087800000| Untracked 
| 101|0x0000000087900000, 0x0000000087900000, 0x0000000087a00000|  0%| F|  |TAMS 0x0000000087900000, 0x0000000087900000| Untracked 
| 102|0x0000000087a00000, 0x0000000087a00000, 0x0000000087b00000|  0%| F|  |TAMS 0x0000000087a00000, 0x0000000087a00000| Untracked 
| 103|0x0000000087b00000, 0x0000000087b00000, 0x0000000087c00000|  0%| F|  |TAMS 0x0000000087b00000, 0x0000000087b00000| Untracked 
| 104|0x0000000087c00000, 0x0000000087c00000, 0x0000000087d00000|  0%| F|  |TAMS 0x0000000087c00000, 0x0000000087c00000| Untracked 
| 105|0x0000000087d00000, 0x0000000087d00000, 0x0000000087e00000|  0%| F|  |TAMS 0x0000000087d00000, 0x0000000087d00000| Untracked 
| 106|0x0000000087e00000, 0x0000000087e00000, 0x0000000087f00000|  0%| F|  |TAMS 0x0000000087e00000, 0x0000000087e00000| Untracked 
| 107|0x0000000087f00000, 0x0000000087f00000, 0x0000000088000000|  0%| F|  |TAMS 0x0000000087f00000, 0x0000000087f00000| Untracked 
| 108|0x0000000088000000, 0x0000000088000000, 0x0000000088100000|  0%| F|  |TAMS 0x0000000088000000, 0x0000000088000000| Untracked 
| 109|0x0000000088100000, 0x0000000088100000, 0x0000000088200000|  0%| F|  |TAMS 0x0000000088100000, 0x0000000088100000| Untracked 
| 110|0x0000000088200000, 0x0000000088200000, 0x0000000088300000|  0%| F|  |TAMS 0x0000000088200000, 0x0000000088200000| Untracked 
| 111|0x0000000088300000, 0x0000000088300000, 0x0000000088400000|  0%| F|  |TAMS 0x0000000088300000, 0x0000000088300000| Untracked 
| 112|0x0000000088400000, 0x0000000088400000, 0x0000000088500000|  0%| F|  |TAMS 0x0000000088400000, 0x0000000088400000| Untracked 
| 113|0x0000000088500000, 0x0000000088500000, 0x0000000088600000|  0%| F|  |TAMS 0x0000000088500000, 0x0000000088500000| Untracked 
| 114|0x0000000088600000, 0x0000000088600000, 0x0000000088700000|  0%| F|  |TAMS 0x0000000088600000, 0x0000000088600000| Untracked 
| 115|0x0000000088700000, 0x0000000088700000, 0x0000000088800000|  0%| F|  |TAMS 0x0000000088700000, 0x0000000088700000| Untracked 
| 116|0x0000000088800000, 0x0000000088800000, 0x0000000088900000|  0%| F|  |TAMS 0x0000000088800000, 0x0000000088800000| Untracked 
| 117|0x0000000088900000, 0x0000000088900000, 0x0000000088a00000|  0%| F|  |TAMS 0x0000000088900000, 0x0000000088900000| Untracked 
| 118|0x0000000088a00000, 0x0000000088a00000, 0x0000000088b00000|  0%| F|  |TAMS 0x0000000088a00000, 0x0000000088a00000| Untracked 
| 119|0x0000000088b00000, 0x0000000088b00000, 0x0000000088c00000|  0%| F|  |TAMS 0x0000000088b00000, 0x0000000088b00000| Untracked 
| 120|0x0000000088c00000, 0x0000000088c00000, 0x0000000088d00000|  0%| F|  |TAMS 0x0000000088c00000, 0x0000000088c00000| Untracked 
| 121|0x0000000088d00000, 0x0000000088d00000, 0x0000000088e00000|  0%| F|  |TAMS 0x0000000088d00000, 0x0000000088d00000| Untracked 
| 122|0x0000000088e00000, 0x0000000088e00000, 0x0000000088f00000|  0%| F|  |TAMS 0x0000000088e00000, 0x0000000088e00000| Untracked 
| 123|0x0000000088f00000, 0x0000000088f00000, 0x0000000089000000|  0%| F|  |TAMS 0x0000000088f00000, 0x0000000088f00000| Untracked 
| 124|0x0000000089000000, 0x0000000089000000, 0x0000000089100000|  0%| F|  |TAMS 0x0000000089000000, 0x0000000089000000| Untracked 
| 125|0x0000000089100000, 0x0000000089100000, 0x0000000089200000|  0%| F|  |TAMS 0x0000000089100000, 0x0000000089100000| Untracked 
| 126|0x0000000089200000, 0x0000000089200000, 0x0000000089300000|  0%| F|  |TAMS 0x0000000089200000, 0x0000000089200000| Untracked 
| 127|0x0000000089300000, 0x0000000089300000, 0x0000000089400000|  0%| F|  |TAMS 0x0000000089300000, 0x0000000089300000| Untracked 
| 128|0x0000000089400000, 0x0000000089400000, 0x0000000089500000|  0%| F|  |TAMS 0x0000000089400000, 0x0000000089400000| Untracked 
| 129|0x0000000089500000, 0x0000000089500000, 0x0000000089600000|  0%| F|  |TAMS 0x0000000089500000, 0x0000000089500000| Untracked 
| 130|0x0000000089600000, 0x0000000089600000, 0x0000000089700000|  0%| F|  |TAMS 0x0000000089600000, 0x0000000089600000| Untracked 
| 131|0x0000000089700000, 0x0000000089700000, 0x0000000089800000|  0%| F|  |TAMS 0x0000000089700000, 0x0000000089700000| Untracked 
| 132|0x0000000089800000, 0x0000000089800000, 0x0000000089900000|  0%| F|  |TAMS 0x0000000089800000, 0x0000000089800000| Untracked 
| 133|0x0000000089900000, 0x0000000089900000, 0x0000000089a00000|  0%| F|  |TAMS 0x0000000089900000, 0x0000000089900000| Untracked 
| 134|0x0000000089a00000, 0x0000000089a00000, 0x0000000089b00000|  0%| F|  |TAMS 0x0000000089a00000, 0x0000000089a00000| Untracked 
| 135|0x0000000089b00000, 0x0000000089b00000, 0x0000000089c00000|  0%| F|  |TAMS 0x0000000089b00000, 0x0000000089b00000| Untracked 
| 136|0x0000000089c00000, 0x0000000089c00000, 0x0000000089d00000|  0%| F|  |TAMS 0x0000000089c00000, 0x0000000089c00000| Untracked 
| 137|0x0000000089d00000, 0x0000000089d00000, 0x0000000089e00000|  0%| F|  |TAMS 0x0000000089d00000, 0x0000000089d00000| Untracked 
| 138|0x0000000089e00000, 0x0000000089e00000, 0x0000000089f00000|  0%| F|  |TAMS 0x0000000089e00000, 0x0000000089e00000| Untracked 
| 139|0x0000000089f00000, 0x0000000089f00000, 0x000000008a000000|  0%| F|  |TAMS 0x0000000089f00000, 0x0000000089f00000| Untracked 
| 140|0x000000008a000000, 0x000000008a000000, 0x000000008a100000|  0%| F|  |TAMS 0x000000008a000000, 0x000000008a000000| Untracked 
| 141|0x000000008a100000, 0x000000008a100000, 0x000000008a200000|  0%| F|  |TAMS 0x000000008a100000, 0x000000008a100000| Untracked 
| 142|0x000000008a200000, 0x000000008a2a2c70, 0x000000008a300000| 63%| E|CS|TAMS 0x000000008a200000, 0x000000008a200000| Complete 
| 143|0x000000008a300000, 0x000000008a400000, 0x000000008a400000|100%| E|CS|TAMS 0x000000008a300000, 0x000000008a300000| Complete 
| 144|0x000000008a400000, 0x000000008a500000, 0x000000008a500000|100%| E|CS|TAMS 0x000000008a400000, 0x000000008a400000| Complete 
| 145|0x000000008a500000, 0x000000008a600000, 0x000000008a600000|100%| E|CS|TAMS 0x000000008a500000, 0x000000008a500000| Complete 
| 146|0x000000008a600000, 0x000000008a700000, 0x000000008a700000|100%| E|CS|TAMS 0x000000008a600000, 0x000000008a600000| Complete 
| 147|0x000000008a700000, 0x000000008a700000, 0x000000008a800000|  0%| F|  |TAMS 0x000000008a700000, 0x000000008a700000| Untracked 
| 148|0x000000008a800000, 0x000000008a800000, 0x000000008a900000|  0%| F|  |TAMS 0x000000008a800000, 0x000000008a800000| Untracked 
| 149|0x000000008a900000, 0x000000008a900000, 0x000000008aa00000|  0%| F|  |TAMS 0x000000008a900000, 0x000000008a900000| Untracked 
| 150|0x000000008aa00000, 0x000000008aa00000, 0x000000008ab00000|  0%| F|  |TAMS 0x000000008aa00000, 0x000000008aa00000| Untracked 
| 151|0x000000008ab00000, 0x000000008ab00000, 0x000000008ac00000|  0%| F|  |TAMS 0x000000008ab00000, 0x000000008ab00000| Untracked 
| 152|0x000000008ac00000, 0x000000008ac00000, 0x000000008ad00000|  0%| F|  |TAMS 0x000000008ac00000, 0x000000008ac00000| Untracked 
| 153|0x000000008ad00000, 0x000000008ad00000, 0x000000008ae00000|  0%| F|  |TAMS 0x000000008ad00000, 0x000000008ad00000| Untracked 
| 154|0x000000008ae00000, 0x000000008ae00000, 0x000000008af00000|  0%| F|  |TAMS 0x000000008ae00000, 0x000000008ae00000| Untracked 
| 155|0x000000008af00000, 0x000000008af00000, 0x000000008b000000|  0%| F|  |TAMS 0x000000008af00000, 0x000000008af00000| Untracked 
| 156|0x000000008b000000, 0x000000008b000000, 0x000000008b100000|  0%| F|  |TAMS 0x000000008b000000, 0x000000008b000000| Untracked 
| 157|0x000000008b100000, 0x000000008b100000, 0x000000008b200000|  0%| F|  |TAMS 0x000000008b100000, 0x000000008b100000| Untracked 
| 158|0x000000008b200000, 0x000000008b200000, 0x000000008b300000|  0%| F|  |TAMS 0x000000008b200000, 0x000000008b200000| Untracked 
| 159|0x000000008b300000, 0x000000008b300000, 0x000000008b400000|  0%| F|  |TAMS 0x000000008b300000, 0x000000008b300000| Untracked 
| 160|0x000000008b400000, 0x000000008b400000, 0x000000008b500000|  0%| F|  |TAMS 0x000000008b400000, 0x000000008b400000| Untracked 
| 161|0x000000008b500000, 0x000000008b500000, 0x000000008b600000|  0%| F|  |TAMS 0x000000008b500000, 0x000000008b500000| Untracked 
| 162|0x000000008b600000, 0x000000008b600000, 0x000000008b700000|  0%| F|  |TAMS 0x000000008b600000, 0x000000008b600000| Untracked 
| 163|0x000000008b700000, 0x000000008b700000, 0x000000008b800000|  0%| F|  |TAMS 0x000000008b700000, 0x000000008b700000| Untracked 
| 164|0x000000008b800000, 0x000000008b800000, 0x000000008b900000|  0%| F|  |TAMS 0x000000008b800000, 0x000000008b800000| Untracked 
| 165|0x000000008b900000, 0x000000008b900000, 0x000000008ba00000|  0%| F|  |TAMS 0x000000008b900000, 0x000000008b900000| Untracked 
| 166|0x000000008ba00000, 0x000000008ba00000, 0x000000008bb00000|  0%| F|  |TAMS 0x000000008ba00000, 0x000000008ba00000| Untracked 
| 167|0x000000008bb00000, 0x000000008bb00000, 0x000000008bc00000|  0%| F|  |TAMS 0x000000008bb00000, 0x000000008bb00000| Untracked 
| 168|0x000000008bc00000, 0x000000008bc00000, 0x000000008bd00000|  0%| F|  |TAMS 0x000000008bc00000, 0x000000008bc00000| Untracked 
| 169|0x000000008bd00000, 0x000000008bd00000, 0x000000008be00000|  0%| F|  |TAMS 0x000000008bd00000, 0x000000008bd00000| Untracked 
| 170|0x000000008be00000, 0x000000008be00000, 0x000000008bf00000|  0%| F|  |TAMS 0x000000008be00000, 0x000000008be00000| Untracked 
| 171|0x000000008bf00000, 0x000000008bf00000, 0x000000008c000000|  0%| F|  |TAMS 0x000000008bf00000, 0x000000008bf00000| Untracked 
| 172|0x000000008c000000, 0x000000008c000000, 0x000000008c100000|  0%| F|  |TAMS 0x000000008c000000, 0x000000008c000000| Untracked 
| 173|0x000000008c100000, 0x000000008c100000, 0x000000008c200000|  0%| F|  |TAMS 0x000000008c100000, 0x000000008c100000| Untracked 
| 174|0x000000008c200000, 0x000000008c200000, 0x000000008c300000|  0%| F|  |TAMS 0x000000008c200000, 0x000000008c200000| Untracked 
| 175|0x000000008c300000, 0x000000008c300000, 0x000000008c400000|  0%| F|  |TAMS 0x000000008c300000, 0x000000008c300000| Untracked 
| 176|0x000000008c400000, 0x000000008c400000, 0x000000008c500000|  0%| F|  |TAMS 0x000000008c400000, 0x000000008c400000| Untracked 
| 177|0x000000008c500000, 0x000000008c500000, 0x000000008c600000|  0%| F|  |TAMS 0x000000008c500000, 0x000000008c500000| Untracked 
| 178|0x000000008c600000, 0x000000008c600000, 0x000000008c700000|  0%| F|  |TAMS 0x000000008c600000, 0x000000008c600000| Untracked 
| 179|0x000000008c700000, 0x000000008c700000, 0x000000008c800000|  0%| F|  |TAMS 0x000000008c700000, 0x000000008c700000| Untracked 
| 180|0x000000008c800000, 0x000000008c800000, 0x000000008c900000|  0%| F|  |TAMS 0x000000008c800000, 0x000000008c800000| Untracked 
| 181|0x000000008c900000, 0x000000008c900000, 0x000000008ca00000|  0%| F|  |TAMS 0x000000008c900000, 0x000000008c900000| Untracked 
| 182|0x000000008ca00000, 0x000000008ca00000, 0x000000008cb00000|  0%| F|  |TAMS 0x000000008ca00000, 0x000000008ca00000| Untracked 
| 183|0x000000008cb00000, 0x000000008cb00000, 0x000000008cc00000|  0%| F|  |TAMS 0x000000008cb00000, 0x000000008cb00000| Untracked 
| 184|0x000000008cc00000, 0x000000008cc00000, 0x000000008cd00000|  0%| F|  |TAMS 0x000000008cc00000, 0x000000008cc00000| Untracked 
| 185|0x000000008cd00000, 0x000000008cd00000, 0x000000008ce00000|  0%| F|  |TAMS 0x000000008cd00000, 0x000000008cd00000| Untracked 
| 186|0x000000008ce00000, 0x000000008ce00000, 0x000000008cf00000|  0%| F|  |TAMS 0x000000008ce00000, 0x000000008ce00000| Untracked 
| 187|0x000000008cf00000, 0x000000008cf00000, 0x000000008d000000|  0%| F|  |TAMS 0x000000008cf00000, 0x000000008cf00000| Untracked 
| 188|0x000000008d000000, 0x000000008d000000, 0x000000008d100000|  0%| F|  |TAMS 0x000000008d000000, 0x000000008d000000| Untracked 
| 189|0x000000008d100000, 0x000000008d100000, 0x000000008d200000|  0%| F|  |TAMS 0x000000008d100000, 0x000000008d100000| Untracked 
| 190|0x000000008d200000, 0x000000008d200000, 0x000000008d300000|  0%| F|  |TAMS 0x000000008d200000, 0x000000008d200000| Untracked 
| 191|0x000000008d300000, 0x000000008d300000, 0x000000008d400000|  0%| F|  |TAMS 0x000000008d300000, 0x000000008d300000| Untracked 
| 192|0x000000008d400000, 0x000000008d400000, 0x000000008d500000|  0%| F|  |TAMS 0x000000008d400000, 0x000000008d400000| Untracked 
| 193|0x000000008d500000, 0x000000008d500000, 0x000000008d600000|  0%| F|  |TAMS 0x000000008d500000, 0x000000008d500000| Untracked 
| 194|0x000000008d600000, 0x000000008d600000, 0x000000008d700000|  0%| F|  |TAMS 0x000000008d600000, 0x000000008d600000| Untracked 
| 195|0x000000008d700000, 0x000000008d700000, 0x000000008d800000|  0%| F|  |TAMS 0x000000008d700000, 0x000000008d700000| Untracked 
| 196|0x000000008d800000, 0x000000008d800000, 0x000000008d900000|  0%| F|  |TAMS 0x000000008d800000, 0x000000008d800000| Untracked 
| 197|0x000000008d900000, 0x000000008d900000, 0x000000008da00000|  0%| F|  |TAMS 0x000000008d900000, 0x000000008d900000| Untracked 
| 198|0x000000008da00000, 0x000000008da00000, 0x000000008db00000|  0%| F|  |TAMS 0x000000008da00000, 0x000000008da00000| Untracked 
| 199|0x000000008db00000, 0x000000008db00000, 0x000000008dc00000|  0%| F|  |TAMS 0x000000008db00000, 0x000000008db00000| Untracked 
| 200|0x000000008dc00000, 0x000000008dc00000, 0x000000008dd00000|  0%| F|  |TAMS 0x000000008dc00000, 0x000000008dc00000| Untracked 
| 201|0x000000008dd00000, 0x000000008dd00000, 0x000000008de00000|  0%| F|  |TAMS 0x000000008dd00000, 0x000000008dd00000| Untracked 
| 202|0x000000008de00000, 0x000000008de00000, 0x000000008df00000|  0%| F|  |TAMS 0x000000008de00000, 0x000000008de00000| Untracked 
| 203|0x000000008df00000, 0x000000008df00000, 0x000000008e000000|  0%| F|  |TAMS 0x000000008df00000, 0x000000008df00000| Untracked 
| 204|0x000000008e000000, 0x000000008e000000, 0x000000008e100000|  0%| F|  |TAMS 0x000000008e000000, 0x000000008e000000| Untracked 
| 205|0x000000008e100000, 0x000000008e100000, 0x000000008e200000|  0%| F|  |TAMS 0x000000008e100000, 0x000000008e100000| Untracked 
| 206|0x000000008e200000, 0x000000008e200000, 0x000000008e300000|  0%| F|  |TAMS 0x000000008e200000, 0x000000008e200000| Untracked 
| 207|0x000000008e300000, 0x000000008e300000, 0x000000008e400000|  0%| F|  |TAMS 0x000000008e300000, 0x000000008e300000| Untracked 
| 208|0x000000008e400000, 0x000000008e400000, 0x000000008e500000|  0%| F|  |TAMS 0x000000008e400000, 0x000000008e400000| Untracked 
| 209|0x000000008e500000, 0x000000008e500000, 0x000000008e600000|  0%| F|  |TAMS 0x000000008e500000, 0x000000008e500000| Untracked 
| 210|0x000000008e600000, 0x000000008e600000, 0x000000008e700000|  0%| F|  |TAMS 0x000000008e600000, 0x000000008e600000| Untracked 
| 211|0x000000008e700000, 0x000000008e700000, 0x000000008e800000|  0%| F|  |TAMS 0x000000008e700000, 0x000000008e700000| Untracked 
| 212|0x000000008e800000, 0x000000008e800000, 0x000000008e900000|  0%| F|  |TAMS 0x000000008e800000, 0x000000008e800000| Untracked 
| 213|0x000000008e900000, 0x000000008e9cdee0, 0x000000008ea00000| 80%| S|  |TAMS 0x000000008e900000, 0x000000008e900000| Complete 
| 214|0x000000008ea00000, 0x000000008eb00000, 0x000000008eb00000|100%| E|CS|TAMS 0x000000008ea00000, 0x000000008ea00000| Complete 
| 215|0x000000008eb00000, 0x000000008ec00000, 0x000000008ec00000|100%| E|CS|TAMS 0x000000008eb00000, 0x000000008eb00000| Complete 
| 216|0x000000008ec00000, 0x000000008ed00000, 0x000000008ed00000|100%| E|CS|TAMS 0x000000008ec00000, 0x000000008ec00000| Complete 
| 217|0x000000008ed00000, 0x000000008ee00000, 0x000000008ee00000|100%| E|CS|TAMS 0x000000008ed00000, 0x000000008ed00000| Complete 
| 218|0x000000008ee00000, 0x000000008ef00000, 0x000000008ef00000|100%| E|CS|TAMS 0x000000008ee00000, 0x000000008ee00000| Complete 
| 219|0x000000008ef00000, 0x000000008f000000, 0x000000008f000000|100%| E|CS|TAMS 0x000000008ef00000, 0x000000008ef00000| Complete 

Card table byte_map: [0x000001a7ae0b0000,0x000001a7ae4b0000] _byte_map_base: 0x000001a7adca6000

Marking Bits (Prev, Next): (CMBitMap*) 0x000001a79b63c150, (CMBitMap*) 0x000001a79b63c110
 Prev Bits: [0x000001a7b0860000, 0x000001a7b2810000)
 Next Bits: [0x000001a7ae8b0000, 0x000001a7b0860000)

Polling page: 0x000001a7994d0000

Metaspace:

Usage:
  Non-class:     64.27 MB used.
      Class:      8.70 MB used.
       Both:     72.96 MB used.

Virtual space:
  Non-class space:      128.00 MB reserved,      64.69 MB ( 51%) committed,  2 nodes.
      Class space:        1.00 GB reserved,       9.06 MB ( <1%) committed,  1 nodes.
             Both:        1.12 GB reserved,      73.75 MB (  6%) committed. 

Chunk freelists:
   Non-Class:  2.95 MB
       Class:  2.88 MB
        Both:  5.83 MB

MaxMetaspaceSize: unlimited
CompressedClassSpaceSize: 1.00 GB
Initial GC threshold: 21.00 MB
Current GC threshold: 121.25 MB
CDS: off
MetaspaceReclaimPolicy: balanced
 - commit_granule_bytes: 65536.
 - commit_granule_words: 8192.
 - virtual_space_node_default_size: 8388608.
 - enlarge_chunks_in_place: 1.
 - new_chunks_are_fully_committed: 0.
 - uncommit_free_chunks: 1.
 - use_allocation_guard: 0.


Internal statistics:

num_allocs_failed_limit: 9.
num_arena_births: 962.
num_arena_deaths: 28.
num_vsnodes_births: 3.
num_vsnodes_deaths: 0.
num_space_committed: 1180.
num_space_uncommitted: 0.
num_chunks_returned_to_freelist: 38.
num_chunks_taken_from_freelist: 3566.
num_chunk_merges: 6.
num_chunk_splits: 2412.
num_chunks_enlarged: 1855.
num_inconsistent_stats: 0.

CodeHeap 'non-profiled nmethods': size=120000Kb used=8345Kb max_used=8345Kb free=111654Kb
 bounds [0x000001a7a6780000, 0x000001a7a6fb0000, 0x000001a7adcb0000]
CodeHeap 'profiled nmethods': size=120000Kb used=17866Kb max_used=18932Kb free=102134Kb
 bounds [0x000001a79f250000, 0x000001a7a0510000, 0x000001a7a6780000]
CodeHeap 'non-nmethods': size=5760Kb used=1320Kb max_used=1427Kb free=4439Kb
 bounds [0x000001a79ecb0000, 0x000001a79ef20000, 0x000001a79f250000]
 total_blobs=9504 nmethods=8866 adapters=549
 compilation: enabled
              stopped_count=0, restarted_count=0
 full_count=0

Compilation events (20 events):
Event: 3569.971 Thread 0x000001a7b900b3e0 11015       1       com.zaxxer.hikari.HikariConfig::getIdleTimeout (5 bytes)
Event: 3569.971 Thread 0x000001a7b900b3e0 nmethod 11015 0x000001a7a6f9f990 code [0x000001a7a6f9fb20, 0x000001a7a6f9fbf8]
Event: 3572.517 Thread 0x000001a7b900a600 11016   !   4       java.util.concurrent.ThreadPoolExecutor::getTask (177 bytes)
Event: 3572.557 Thread 0x000001a7b900a600 nmethod 11016 0x000001a7a6f9fc90 code [0x000001a7a6f9ffc0, 0x000001a7a6fa2168]
Event: 3611.217 Thread 0x000001a7b900a600 11017       4       java.util.concurrent.locks.ReentrantReadWriteLock$Sync::tryReleaseShared (146 bytes)
Event: 3611.220 Thread 0x000001a7b900a600 nmethod 11017 0x000001a7a6fa3810 code [0x000001a7a6fa3980, 0x000001a7a6fa3af8]
Event: 3910.523 Thread 0x000001a7b900a600 11018       4       java.util.concurrent.ScheduledThreadPoolExecutor$DelayedWorkQueue::siftUp (64 bytes)
Event: 3910.528 Thread 0x000001a7b900a600 nmethod 11018 0x000001a7a6fa3c10 code [0x000001a7a6fa3dc0, 0x000001a7a6fa4298]
Event: 3921.439 Thread 0x000001a7b900b3e0 11019       3       java.util.TreeSet::addAll (82 bytes)
Event: 3921.440 Thread 0x000001a7b900b3e0 nmethod 11019 0x000001a79fc52590 code [0x000001a79fc527e0, 0x000001a79fc53338]
Event: 3931.439 Thread 0x000001a7b900b3e0 11020       3       org.apache.catalina.webresources.Cache::backgroundProcess (125 bytes)
Event: 3931.441 Thread 0x000001a7b900b3e0 nmethod 11020 0x000001a79fbdb810 code [0x000001a79fbdbbc0, 0x000001a79fbdd788]
Event: 3931.441 Thread 0x000001a7b900b3e0 11021       3       org.apache.catalina.webresources.Cache::evict (79 bytes)
Event: 3931.442 Thread 0x000001a7b900b3e0 nmethod 11021 0x000001a79fd31510 code [0x000001a79fd31700, 0x000001a79fd31d48]
Event: 3931.442 Thread 0x000001a7b900b3e0 11022       3       org.apache.tomcat.util.collections.ManagedConcurrentWeakHashMap::maintain (44 bytes)
Event: 3931.443 Thread 0x000001a7b900b3e0 nmethod 11022 0x000001a79f7d7790 code [0x000001a79f7d7980, 0x000001a79f7d8098]
Event: 3931.443 Thread 0x000001a7b900b3e0 11023       3       org.apache.catalina.core.StandardWrapper::backgroundProcess (38 bytes)
Event: 3931.443 Thread 0x000001a7b900b3e0 nmethod 11023 0x000001a79f7d6c10 code [0x000001a79f7d6e00, 0x000001a79f7d73b8]
Event: 3976.517 Thread 0x000001a7b900a600 11024       4       java.util.concurrent.ScheduledThreadPoolExecutor$DelayedWorkQueue::add (9 bytes)
Event: 3976.542 Thread 0x000001a7b900a600 nmethod 11024 0x000001a7a6fa4590 code [0x000001a7a6fa47a0, 0x000001a7a6fa5b10]

GC Heap History (20 events):
Event: 895.570 GC heap after
{Heap after GC invocations=103 (full 14):
 garbage-first heap   total 89088K, used 39028K [0x0000000081400000, 0x0000000100000000)
  region size 1024K, 5 young (5120K), 5 survivors (5120K)
 Metaspace       used 73350K, committed 74176K, reserved 1114112K
  class space    used 8746K, committed 9152K, reserved 1048576K
}
Event: 895.616 GC heap before
{Heap before GC invocations=103 (full 14):
 garbage-first heap   total 89088K, used 65652K [0x0000000081400000, 0x0000000100000000)
  region size 1024K, 31 young (31744K), 5 survivors (5120K)
 Metaspace       used 73351K, committed 74176K, reserved 1114112K
  class space    used 8746K, committed 9152K, reserved 1048576K
}
Event: 895.620 GC heap after
{Heap after GC invocations=104 (full 14):
 garbage-first heap   total 145408K, used 38633K [0x0000000081400000, 0x0000000100000000)
  region size 1024K, 4 young (4096K), 4 survivors (4096K)
 Metaspace       used 73351K, committed 74176K, reserved 1114112K
  class space    used 8746K, committed 9152K, reserved 1048576K
}
Event: 928.799 GC heap before
{Heap before GC invocations=104 (full 14):
 garbage-first heap   total 145408K, used 63209K [0x0000000081400000, 0x0000000100000000)
  region size 1024K, 30 young (30720K), 4 survivors (4096K)
 Metaspace       used 73372K, committed 74240K, reserved 1114112K
  class space    used 8746K, committed 9152K, reserved 1048576K
}
Event: 928.836 GC heap after
{Heap after GC invocations=105 (full 15):
 garbage-first heap   total 92160K, used 25377K [0x0000000081400000, 0x0000000100000000)
  region size 1024K, 0 young (0K), 0 survivors (0K)
 Metaspace       used 73369K, committed 74240K, reserved 1114112K
  class space    used 8746K, committed 9152K, reserved 1048576K
}
Event: 929.170 GC heap before
{Heap before GC invocations=105 (full 15):
 garbage-first heap   total 92160K, used 66337K [0x0000000081400000, 0x0000000100000000)
  region size 1024K, 40 young (40960K), 0 survivors (0K)
 Metaspace       used 73593K, committed 74432K, reserved 1179648K
  class space    used 8759K, committed 9152K, reserved 1048576K
}
Event: 929.173 GC heap after
{Heap after GC invocations=106 (full 15):
 garbage-first heap   total 92160K, used 28629K [0x0000000081400000, 0x0000000100000000)
  region size 1024K, 4 young (4096K), 4 survivors (4096K)
 Metaspace       used 73593K, committed 74432K, reserved 1179648K
  class space    used 8759K, committed 9152K, reserved 1048576K
}
Event: 929.287 GC heap before
{Heap before GC invocations=106 (full 15):
 garbage-first heap   total 92160K, used 67541K [0x0000000081400000, 0x0000000100000000)
  region size 1024K, 42 young (43008K), 4 survivors (4096K)
 Metaspace       used 73647K, committed 74496K, reserved 1179648K
  class space    used 8763K, committed 9152K, reserved 1048576K
}
Event: 929.293 GC heap after
{Heap after GC invocations=107 (full 15):
 garbage-first heap   total 92160K, used 35562K [0x0000000081400000, 0x0000000100000000)
  region size 1024K, 6 young (6144K), 6 survivors (6144K)
 Metaspace       used 73647K, committed 74496K, reserved 1179648K
  class space    used 8763K, committed 9152K, reserved 1048576K
}
Event: 929.360 GC heap before
{Heap before GC invocations=107 (full 15):
 garbage-first heap   total 92160K, used 67306K [0x0000000081400000, 0x0000000100000000)
  region size 1024K, 37 young (37888K), 6 survivors (6144K)
 Metaspace       used 73647K, committed 74496K, reserved 1179648K
  class space    used 8763K, committed 9152K, reserved 1048576K
}
Event: 929.369 GC heap after
{Heap after GC invocations=108 (full 15):
 garbage-first heap   total 92160K, used 43700K [0x0000000081400000, 0x0000000100000000)
  region size 1024K, 5 young (5120K), 5 survivors (5120K)
 Metaspace       used 73647K, committed 74496K, reserved 1179648K
  class space    used 8763K, committed 9152K, reserved 1048576K
}
Event: 929.394 GC heap before
{Heap before GC invocations=108 (full 15):
 garbage-first heap   total 92160K, used 50868K [0x0000000081400000, 0x0000000100000000)
  region size 1024K, 13 young (13312K), 5 survivors (5120K)
 Metaspace       used 73647K, committed 74496K, reserved 1179648K
  class space    used 8763K, committed 9152K, reserved 1048576K
}
Event: 929.399 GC heap after
{Heap after GC invocations=109 (full 15):
 garbage-first heap   total 92160K, used 47769K [0x0000000081400000, 0x0000000100000000)
  region size 1024K, 4 young (4096K), 4 survivors (4096K)
 Metaspace       used 73647K, committed 74496K, reserved 1179648K
  class space    used 8763K, committed 9152K, reserved 1048576K
}
Event: 929.432 GC heap before
{Heap before GC invocations=109 (full 15):
 garbage-first heap   total 92160K, used 64153K [0x0000000081400000, 0x0000000100000000)
  region size 1024K, 20 young (20480K), 4 survivors (4096K)
 Metaspace       used 73647K, committed 74496K, reserved 1179648K
  class space    used 8763K, committed 9152K, reserved 1048576K
}
Event: 929.435 GC heap after
{Heap after GC invocations=110 (full 15):
 garbage-first heap   total 92160K, used 51541K [0x0000000081400000, 0x0000000100000000)
  region size 1024K, 3 young (3072K), 3 survivors (3072K)
 Metaspace       used 73647K, committed 74496K, reserved 1179648K
  class space    used 8763K, committed 9152K, reserved 1048576K
}
Event: 929.481 GC heap before
{Heap before GC invocations=110 (full 15):
 garbage-first heap   total 112640K, used 66901K [0x0000000081400000, 0x0000000100000000)
  region size 1024K, 18 young (18432K), 3 survivors (3072K)
 Metaspace       used 73660K, committed 74560K, reserved 1179648K
  class space    used 8764K, committed 9152K, reserved 1048576K
}
Event: 929.486 GC heap after
{Heap after GC invocations=111 (full 15):
 garbage-first heap   total 225280K, used 56694K [0x0000000081400000, 0x0000000100000000)
  region size 1024K, 3 young (3072K), 3 survivors (3072K)
 Metaspace       used 73660K, committed 74560K, reserved 1179648K
  class space    used 8764K, committed 9152K, reserved 1048576K
}
Event: 3762.515 GC heap before
{Heap before GC invocations=112 (full 15):
 garbage-first heap   total 225280K, used 131446K [0x0000000081400000, 0x0000000100000000)
  region size 1024K, 76 young (77824K), 3 survivors (3072K)
 Metaspace       used 74708K, committed 75520K, reserved 1179648K
  class space    used 8904K, committed 9280K, reserved 1048576K
}
Event: 3762.519 GC heap after
{Heap after GC invocations=113 (full 15):
 garbage-first heap   total 225280K, used 58369K [0x0000000081400000, 0x0000000100000000)
  region size 1024K, 5 young (5120K), 5 survivors (5120K)
 Metaspace       used 74708K, committed 75520K, reserved 1179648K
  class space    used 8904K, committed 9280K, reserved 1048576K
}
Event: 4025.302 GC heap before
{Heap before GC invocations=113 (full 15):
 garbage-first heap   total 225280K, used 64513K [0x0000000081400000, 0x0000000100000000)
  region size 1024K, 11 young (11264K), 5 survivors (5120K)
 Metaspace       used 74712K, committed 75520K, reserved 1179648K
  class space    used 8904K, committed 9280K, reserved 1048576K
}

Deoptimization events (20 events):
Event: 1008.160 Thread 0x000001a7bcee2fe0 Uncommon trap: trap_request=0xffffffc6 fr.pc=0x000001a7a6dbbc2c relative=0x000000000000008c
Event: 1008.160 Thread 0x000001a7bcee2fe0 Uncommon trap: reason=bimorphic_or_optimized_type_check action=maybe_recompile pc=0x000001a7a6dbbc2c method=java.io.FilterInputStream.read([BII)I @ 7 c2
Event: 1008.160 Thread 0x000001a7bcee2fe0 DEOPT PACKING pc=0x000001a7a6dbbc2c sp=0x00000066796fd290
Event: 1008.160 Thread 0x000001a7bcee2fe0 DEOPT UNPACKING pc=0x000001a79ed023a3 sp=0x00000066796fd218 mode 2
Event: 1008.194 Thread 0x000001a7bcee2fe0 Uncommon trap: trap_request=0xffffffc6 fr.pc=0x000001a7a6df902c relative=0x000000000000026c
Event: 1008.194 Thread 0x000001a7bcee2fe0 Uncommon trap: reason=bimorphic_or_optimized_type_check action=maybe_recompile pc=0x000001a7a6df902c method=org.springframework.core.MethodParameter.getParameterType()Ljava/lang/Class; @ 12 c2
Event: 1008.194 Thread 0x000001a7bcee2fe0 DEOPT PACKING pc=0x000001a7a6df902c sp=0x00000066796fd890
Event: 1008.194 Thread 0x000001a7bcee2fe0 DEOPT UNPACKING pc=0x000001a79ed023a3 sp=0x00000066796fd848 mode 2
Event: 1008.194 Thread 0x000001a7bcee2fe0 Uncommon trap: trap_request=0xfffffff4 fr.pc=0x000001a7a6928ddc relative=0x0000000000000e5c
Event: 1008.194 Thread 0x000001a7bcee2fe0 Uncommon trap: reason=null_check action=make_not_entrant pc=0x000001a7a6928ddc method=org.springframework.core.annotation.AnnotationsScanner.isWithoutHierarchy(Ljava/lang/reflect/AnnotatedElement;Lorg/springframework/core/annotation/MergedAnnotations$Sear
Event: 1008.194 Thread 0x000001a7bcee2fe0 DEOPT PACKING pc=0x000001a7a6928ddc sp=0x00000066796fd6a0
Event: 1008.194 Thread 0x000001a7bcee2fe0 DEOPT UNPACKING pc=0x000001a79ed023a3 sp=0x00000066796fd5b0 mode 2
Event: 1008.194 Thread 0x000001a7bcee2fe0 Uncommon trap: trap_request=0xfffffff4 fr.pc=0x000001a7a6959ed0 relative=0x00000000000021b0
Event: 1008.194 Thread 0x000001a7bcee2fe0 Uncommon trap: reason=null_check action=make_not_entrant pc=0x000001a7a6959ed0 method=org.springframework.core.annotation.AnnotationsScanner.processClassHierarchy(Ljava/lang/Object;[ILjava/lang/Class;Lorg/springframework/core/annotation/AnnotationsProcess
Event: 1008.194 Thread 0x000001a7bcee2fe0 DEOPT PACKING pc=0x000001a7a6959ed0 sp=0x00000066796fd570
Event: 1008.194 Thread 0x000001a7bcee2fe0 DEOPT UNPACKING pc=0x000001a79ed023a3 sp=0x00000066796fd578 mode 2
Event: 2688.787 Thread 0x000001a7bcee2b10 Uncommon trap: trap_request=0xffffff5c fr.pc=0x000001a7a6f9031c relative=0x00000000000004fc
Event: 2688.787 Thread 0x000001a7bcee2b10 Uncommon trap: reason=speculate_null_check action=make_not_entrant pc=0x000001a7a6f9031c method=java.util.concurrent.locks.AbstractQueuedSynchronizer.enqueue(Ljava/util/concurrent/locks/AbstractQueuedSynchronizer$Node;)V @ 15 c2
Event: 2688.787 Thread 0x000001a7bcee2b10 DEOPT PACKING pc=0x000001a7a6f9031c sp=0x0000006678bfefd0
Event: 2688.787 Thread 0x000001a7bcee2b10 DEOPT UNPACKING pc=0x000001a79ed023a3 sp=0x0000006678bfef20 mode 2

Classes loaded (20 events):
Event: 846.859 Loading class java/lang/ObjectCustomizer
Event: 846.859 Loading class java/lang/ObjectCustomizer done
Event: 846.859 Loading class java/lang/ObjectCustomizer
Event: 846.859 Loading class java/lang/ObjectCustomizer done
Event: 895.398 Loading class java/lang/ObjectCustomizer
Event: 895.398 Loading class java/lang/ObjectCustomizer done
Event: 895.398 Loading class java/lang/ObjectCustomizer
Event: 895.398 Loading class java/lang/ObjectCustomizer done
Event: 929.163 Loading class java/lang/ObjectCustomizer
Event: 929.163 Loading class java/lang/ObjectCustomizer done
Event: 929.163 Loading class java/lang/ObjectCustomizer
Event: 929.163 Loading class java/lang/ObjectCustomizer done
Event: 1001.007 Loading class sun/reflect/Reflection
Event: 1001.007 Loading class sun/reflect/Reflection done
Event: 1001.010 Loading class java/security/AllPermissionCollection
Event: 1001.010 Loading class java/security/AllPermissionCollection done
Event: 1008.165 Loading class java/lang/ObjectCustomizer
Event: 1008.165 Loading class java/lang/ObjectCustomizer done
Event: 1008.165 Loading class java/lang/ObjectCustomizer
Event: 1008.165 Loading class java/lang/ObjectCustomizer done

Classes unloaded (14 events):
Event: 129.577 Thread 0x000001a79b653c10 Unloading class 0x0000000100868000 'org/apache/catalina/loader/JdbcLeakPrevention'
Event: 258.723 Thread 0x000001a79b653c10 Unloading class 0x0000000100870800 'org/apache/catalina/loader/JdbcLeakPrevention'
Event: 301.985 Thread 0x000001a79b653c10 Unloading class 0x0000000100878800 'org/apache/catalina/loader/JdbcLeakPrevention'
Event: 314.471 Thread 0x000001a79b653c10 Unloading class 0x000000010087ac00 'org/apache/catalina/loader/JdbcLeakPrevention'
Event: 383.268 Thread 0x000001a79b653c10 Unloading class 0x0000000100882000 'org/apache/catalina/loader/JdbcLeakPrevention'
Event: 409.022 Thread 0x000001a79b653c10 Unloading class 0x00000001008c4000 'org/apache/catalina/loader/JdbcLeakPrevention'
Event: 496.887 Thread 0x000001a79b653c10 Unloading class 0x00000001008c6c00 'org/apache/catalina/loader/JdbcLeakPrevention'
Event: 514.382 Thread 0x000001a79b653c10 Unloading class 0x00000001008cfc00 'org/apache/catalina/loader/JdbcLeakPrevention'
Event: 517.648 Thread 0x000001a79b653c10 Unloading class 0x00000001008d6800 'org/apache/catalina/loader/JdbcLeakPrevention'
Event: 774.716 Thread 0x000001a79b653c10 Unloading class 0x00000001008d8800 'org/apache/catalina/loader/JdbcLeakPrevention'
Event: 803.436 Thread 0x000001a79b653c10 Unloading class 0x00000001008e1800 'org/apache/catalina/loader/JdbcLeakPrevention'
Event: 846.496 Thread 0x000001a79b653c10 Unloading class 0x00000001008e6000 'org/apache/catalina/loader/JdbcLeakPrevention'
Event: 894.998 Thread 0x000001a79b653c10 Unloading class 0x00000001008ea800 'org/apache/catalina/loader/JdbcLeakPrevention'
Event: 928.811 Thread 0x000001a79b653c10 Unloading class 0x00000001008ee000 'org/apache/catalina/loader/JdbcLeakPrevention'

Classes redefined (0 events):
No events

Internal exceptions (20 events):
Event: 929.011 Thread 0x000001a7bcee69a0 Exception <a 'java/lang/NoClassDefFoundError'{0x000000008583b050}: org/flywaydb/core/Flyway> (0x000000008583b050) 
thrown [s\src\hotspot\share\oops\constantPool.cpp, line 836]
Event: 929.011 Thread 0x000001a7bcee69a0 Exception <a 'java/lang/NoClassDefFoundError'{0x000000008583b6a0}: liquibase/integration/spring/SpringLiquibase> (0x000000008583b6a0) 
thrown [s\src\hotspot\share\oops\constantPool.cpp, line 836]
Event: 929.013 Thread 0x000001a7bcee69a0 Exception <a 'java/lang/NoClassDefFoundError'{0x0000000085891248}: org/jooq/DSLContext> (0x0000000085891248) 
thrown [s\src\hotspot\share\oops\constantPool.cpp, line 836]
Event: 929.013 Thread 0x000001a7bcee69a0 Exception <a 'java/lang/NoClassDefFoundError'{0x000000008589bc80}: org/springframework/batch/core/repository/JobRepository> (0x000000008589bc80) 
thrown [s\src\hotspot\share\oops\constantPool.cpp, line 836]
Event: 929.013 Thread 0x000001a7bcee69a0 Exception <a 'java/lang/NoClassDefFoundError'{0x000000008589c2c8}: org/quartz/Scheduler> (0x000000008589c2c8) 
thrown [s\src\hotspot\share\oops\constantPool.cpp, line 836]
Event: 929.013 Thread 0x000001a7bcee69a0 Exception <a 'java/lang/NoClassDefFoundError'{0x000000008589c938}: org/springframework/session/jdbc/JdbcIndexedSessionRepository> (0x000000008589c938) 
thrown [s\src\hotspot\share\oops\constantPool.cpp, line 836]
Event: 929.033 Thread 0x000001a7bcee69a0 Exception <a 'sun/nio/fs/WindowsException'{0x00000000852619b0}> (0x00000000852619b0) 
thrown [s\src\hotspot\share\prims\jni.cpp, line 516]
Event: 929.034 Thread 0x000001a7bcee69a0 Exception <a 'sun/nio/fs/WindowsException'{0x00000000852620b0}> (0x00000000852620b0) 
thrown [s\src\hotspot\share\prims\jni.cpp, line 516]
Event: 929.034 Thread 0x000001a7bcee69a0 Exception <a 'sun/nio/fs/WindowsException'{0x0000000085262790}> (0x0000000085262790) 
thrown [s\src\hotspot\share\prims\jni.cpp, line 516]
Event: 929.042 Thread 0x000001a7bcee69a0 Exception <a 'java/io/FileNotFoundException'{0x000000008529bb60}> (0x000000008529bb60) 
thrown [s\src\hotspot\share\prims\jni.cpp, line 516]
Event: 929.054 Thread 0x000001a7bcee69a0 Exception <a 'java/io/FileNotFoundException'{0x000000008502dd08}> (0x000000008502dd08) 
thrown [s\src\hotspot\share\prims\jni.cpp, line 516]
Event: 929.163 Thread 0x000001a7bcee69a0 Exception <a 'java/lang/ClassNotFoundException'{0x00000000849dfab0}: java/lang/ObjectCustomizer> (0x00000000849dfab0) 
thrown [s\src\hotspot\share\classfile\systemDictionary.cpp, line 255]
Event: 929.164 Thread 0x000001a7bcee69a0 Exception <a 'java/lang/ClassNotFoundException'{0x00000000849e80d0}: kodlama/io/rentACar/entities/concretes/BrandCustomizer> (0x00000000849e80d0) 
thrown [s\src\hotspot\share\classfile\systemDictionary.cpp, line 255]
Event: 1000.983 Thread 0x000001a7bcee2640 Implicit null exception at 0x000001a7a6b9ad60 to 0x000001a7a6b9ae94
Event: 1000.990 Thread 0x000001a7bcee2640 Exception <a 'java/lang/NoSuchMethodError'{0x000000008e620b30}: 'java.lang.Object java.lang.invoke.DirectMethodHandle$Holder.invokeInterface(java.lang.Object, java.lang.Object, java.lang.Object, java.lang.Object, java.lang.Object)'> (0x000000008e620b30) 
thrown [s\src\hotspot\share\interpreter\linkResolver.cpp, line 759]
Event: 1001.007 Thread 0x000001a7bcee2640 Exception <a 'java/lang/NoClassDefFoundError'{0x000000008e6ab690}: sun/reflect/Reflection> (0x000000008e6ab690) 
thrown [s\src\hotspot\share\classfile\systemDictionary.cpp, line 244]
Event: 1008.165 Thread 0x000001a7bcee2fe0 Exception <a 'java/lang/ClassNotFoundException'{0x000000008ecabd40}: java/lang/ObjectCustomizer> (0x000000008ecabd40) 
thrown [s\src\hotspot\share\classfile\systemDictionary.cpp, line 255]
Event: 1008.166 Thread 0x000001a7bcee2fe0 Exception <a 'java/lang/ClassNotFoundException'{0x000000008ecb6e10}: kodlama/io/rentACar/entities/concretes/BrandCustomizer> (0x000000008ecb6e10) 
thrown [s\src\hotspot\share\classfile\systemDictionary.cpp, line 255]
Event: 1008.194 Thread 0x000001a7bcee2fe0 Implicit null exception at 0x000001a7a69280c0 to 0x000001a7a6928da8
Event: 1008.194 Thread 0x000001a7bcee2fe0 Implicit null exception at 0x000001a7a69584aa to 0x000001a7a6959ec4

VM Operations (20 events):
Event: 1008.164 Executing VM operation: HandshakeAllThreads done
Event: 1009.165 Executing VM operation: Cleanup
Event: 1009.165 Executing VM operation: Cleanup done
Event: 1375.076 Executing VM operation: Cleanup
Event: 1375.076 Executing VM operation: Cleanup done
Event: 1439.711 Executing VM operation: Cleanup
Event: 1439.711 Executing VM operation: Cleanup done
Event: 2190.218 Executing VM operation: Cleanup
Event: 2190.218 Executing VM operation: Cleanup done
Event: 2301.135 Executing VM operation: Cleanup
Event: 2301.135 Executing VM operation: Cleanup done
Event: 2500.733 Executing VM operation: Cleanup
Event: 2500.733 Executing VM operation: Cleanup done
Event: 2688.335 Executing VM operation: Cleanup
Event: 2688.335 Executing VM operation: Cleanup done
Event: 3762.515 Executing VM operation: G1CollectForAllocation
Event: 3762.519 Executing VM operation: G1CollectForAllocation done
Event: 3978.452 Executing VM operation: Cleanup
Event: 3978.452 Executing VM operation: Cleanup done
Event: 4025.302 Executing VM operation: G1CollectForAllocation

Events (20 events):
Event: 929.508 Thread 0x000001a7b9bf5f30 Thread added: 0x000001a7b9bf5f30
Event: 929.508 Thread 0x000001a7b9bf7740 Thread added: 0x000001a7b9bf7740
Event: 929.508 Thread 0x000001a7b9bf6da0 Thread added: 0x000001a7b9bf6da0
Event: 929.509 Thread 0x000001a7b9bf6400 Thread added: 0x000001a7b9bf6400
Event: 929.509 Thread 0x000001a7b9bf85b0 Thread added: 0x000001a7b9bf85b0
Event: 929.515 Thread 0x000001a7bcee5190 Thread exited: 0x000001a7bcee5190
Event: 929.515 Thread 0x000001a7bcee69a0 Thread exited: 0x000001a7bcee69a0
Event: 934.747 Thread 0x000001a7bcee6e70 Thread exited: 0x000001a7bcee6e70
Event: 2688.257 Thread 0x000001a7b9bf7c10 Thread added: 0x000001a7b9bf7c10
Event: 2688.257 Thread 0x000001a7b9bf80e0 Thread added: 0x000001a7b9bf80e0
Event: 2693.794 Thread 0x000001a7b9bf7c10 Thread exited: 0x000001a7b9bf7c10
Event: 2693.840 Thread 0x000001a7b9bf80e0 Thread exited: 0x000001a7b9bf80e0
Event: 2702.590 Thread 0x000001a7b9bf7c10 Thread added: 0x000001a7b9bf7c10
Event: 2702.590 Thread 0x000001a7b9bf80e0 Thread added: 0x000001a7b9bf80e0
Event: 2713.603 Thread 0x000001a7b9bf7c10 Thread exited: 0x000001a7b9bf7c10
Event: 2713.651 Thread 0x000001a7b9bf80e0 Thread exited: 0x000001a7b9bf80e0
Event: 2713.760 Thread 0x000001a7b9bf7c10 Thread added: 0x000001a7b9bf7c10
Event: 2713.760 Thread 0x000001a7b9bf80e0 Thread added: 0x000001a7b9bf80e0
Event: 2730.144 Thread 0x000001a7b9bf7c10 Thread exited: 0x000001a7b9bf7c10
Event: 2730.192 Thread 0x000001a7b9bf80e0 Thread exited: 0x000001a7b9bf80e0


Dynamic libraries:
0x00007ff740760000 - 0x00007ff74076e000 	C:\Users\gokhan\.p2\pool\plugins\org.eclipse.justj.openjdk.hotspot.jre.full.win32.x86_64_18.0.2.v20220903-1139\jre\bin\javaw.exe
0x00007fff25dd0000 - 0x00007fff25fc8000 	C:\Windows\SYSTEM32\ntdll.dll
0x00007fff24ff0000 - 0x00007fff250ad000 	C:\Windows\System32\KERNEL32.DLL
0x00007fff23970000 - 0x00007fff23c42000 	C:\Windows\System32\KERNELBASE.dll
0x00007fff23d30000 - 0x00007fff23e30000 	C:\Windows\System32\ucrtbase.dll
0x00007fff149d0000 - 0x00007fff149e7000 	C:\Users\gokhan\.p2\pool\plugins\org.eclipse.justj.openjdk.hotspot.jre.full.win32.x86_64_18.0.2.v20220903-1139\jre\bin\jli.dll
0x00007fff24df0000 - 0x00007fff24f8d000 	C:\Windows\System32\USER32.dll
0x00007fff23630000 - 0x00007fff23652000 	C:\Windows\System32\win32u.dll
0x00007fff24460000 - 0x00007fff2448b000 	C:\Windows\System32\GDI32.dll
0x00007fff23860000 - 0x00007fff2396f000 	C:\Windows\System32\gdi32full.dll
0x00007fff23590000 - 0x00007fff2362d000 	C:\Windows\System32\msvcp_win.dll
0x00007fff17f70000 - 0x00007fff17f89000 	C:\Users\gokhan\.p2\pool\plugins\org.eclipse.justj.openjdk.hotspot.jre.full.win32.x86_64_18.0.2.v20220903-1139\jre\bin\VCRUNTIME140.dll
0x00007ffefdd00000 - 0x00007ffefdf9a000 	C:\Windows\WinSxS\amd64_microsoft.windows.common-controls_6595b64144ccf1df_6.0.19041.1110_none_60b5254171f9507e\COMCTL32.dll
0x00007fff242a0000 - 0x00007fff2433e000 	C:\Windows\System32\msvcrt.dll
0x00007fff24340000 - 0x00007fff24370000 	C:\Windows\System32\IMM32.DLL
0x00007fff20070000 - 0x00007fff2007c000 	C:\Users\gokhan\.p2\pool\plugins\org.eclipse.justj.openjdk.hotspot.jre.full.win32.x86_64_18.0.2.v20220903-1139\jre\bin\vcruntime140_1.dll
0x00007fff03ea0000 - 0x00007fff03f31000 	C:\Users\gokhan\.p2\pool\plugins\org.eclipse.justj.openjdk.hotspot.jre.full.win32.x86_64_18.0.2.v20220903-1139\jre\bin\msvcp140.dll
0x00007ffee4f60000 - 0x00007ffee5bea000 	C:\Users\gokhan\.p2\pool\plugins\org.eclipse.justj.openjdk.hotspot.jre.full.win32.x86_64_18.0.2.v20220903-1139\jre\bin\server\jvm.dll
0x00007fff24d40000 - 0x00007fff24dee000 	C:\Windows\System32\ADVAPI32.dll
0x00007fff23f00000 - 0x00007fff23f9c000 	C:\Windows\System32\sechost.dll
0x00007fff24050000 - 0x00007fff24175000 	C:\Windows\System32\RPCRT4.dll
0x00007fff24b10000 - 0x00007fff24b18000 	C:\Windows\System32\PSAPI.DLL
0x00007fff12220000 - 0x00007fff12229000 	C:\Windows\SYSTEM32\WSOCK32.dll
0x00007fff1b0c0000 - 0x00007fff1b0ca000 	C:\Windows\SYSTEM32\VERSION.dll
0x00007fff1ae70000 - 0x00007fff1ae97000 	C:\Windows\SYSTEM32\WINMM.dll
0x00007fff24b20000 - 0x00007fff24b8b000 	C:\Windows\System32\WS2_32.dll
0x00007fff206d0000 - 0x00007fff206e2000 	C:\Windows\SYSTEM32\kernel.appcore.dll
0x00007fff16f60000 - 0x00007fff16f6a000 	C:\Users\gokhan\.p2\pool\plugins\org.eclipse.justj.openjdk.hotspot.jre.full.win32.x86_64_18.0.2.v20220903-1139\jre\bin\jimage.dll
0x00007fff22d70000 - 0x00007fff22f54000 	C:\Windows\SYSTEM32\DBGHELP.DLL
0x00007fff22cc0000 - 0x00007fff22cec000 	C:\Windows\SYSTEM32\dbgcore.DLL
0x00007fff23ca0000 - 0x00007fff23d22000 	C:\Windows\System32\bcryptPrimitives.dll
0x00007ffee9a10000 - 0x00007ffee9a35000 	C:\Users\gokhan\.p2\pool\plugins\org.eclipse.justj.openjdk.hotspot.jre.full.win32.x86_64_18.0.2.v20220903-1139\jre\bin\java.dll
0x00007ffee7380000 - 0x00007ffee7398000 	C:\Users\gokhan\.p2\pool\plugins\org.eclipse.justj.openjdk.hotspot.jre.full.win32.x86_64_18.0.2.v20220903-1139\jre\bin\zip.dll
0x00007fff25420000 - 0x00007fff25b63000 	C:\Windows\System32\SHELL32.dll
0x00007fff20f60000 - 0x00007fff216f1000 	C:\Windows\SYSTEM32\windows.storage.dll
0x00007fff250b0000 - 0x00007fff25404000 	C:\Windows\System32\combase.dll
0x00007fff22850000 - 0x00007fff22880000 	C:\Windows\SYSTEM32\Wldp.dll
0x00007fff24c70000 - 0x00007fff24d1d000 	C:\Windows\System32\SHCORE.dll
0x00007fff24c10000 - 0x00007fff24c65000 	C:\Windows\System32\shlwapi.dll
0x00007fff23420000 - 0x00007fff2343f000 	C:\Windows\SYSTEM32\profapi.dll
0x00007ffee7360000 - 0x00007ffee7373000 	C:\Users\gokhan\.p2\pool\plugins\org.eclipse.justj.openjdk.hotspot.jre.full.win32.x86_64_18.0.2.v20220903-1139\jre\bin\net.dll
0x00007fff18650000 - 0x00007fff1875d000 	C:\Windows\SYSTEM32\WINHTTP.dll
0x00007fff22720000 - 0x00007fff2278a000 	C:\Windows\system32\mswsock.dll
0x00007ffee7340000 - 0x00007ffee7356000 	C:\Users\gokhan\.p2\pool\plugins\org.eclipse.justj.openjdk.hotspot.jre.full.win32.x86_64_18.0.2.v20220903-1139\jre\bin\nio.dll
0x00007fff160e0000 - 0x00007fff160f0000 	C:\Users\gokhan\.p2\pool\plugins\org.eclipse.justj.openjdk.hotspot.jre.full.win32.x86_64_18.0.2.v20220903-1139\jre\bin\verify.dll
0x00007fff125c0000 - 0x00007fff125c9000 	C:\Users\gokhan\.p2\pool\plugins\org.eclipse.justj.openjdk.hotspot.jre.full.win32.x86_64_18.0.2.v20220903-1139\jre\bin\management.dll
0x00007fff125b0000 - 0x00007fff125bb000 	C:\Users\gokhan\.p2\pool\plugins\org.eclipse.justj.openjdk.hotspot.jre.full.win32.x86_64_18.0.2.v20220903-1139\jre\bin\management_ext.dll
0x00007ffee5e00000 - 0x00007ffee5e17000 	C:\Windows\system32\napinsp.dll
0x00007ffed24b0000 - 0x00007ffed24cb000 	C:\Windows\system32\pnrpnsp.dll
0x00007fff1dd60000 - 0x00007fff1dd75000 	C:\Windows\system32\wshbth.dll
0x00007fff1e3d0000 - 0x00007fff1e3ed000 	C:\Windows\system32\NLAapi.dll
0x00007fff222a0000 - 0x00007fff222db000 	C:\Windows\SYSTEM32\IPHLPAPI.DLL
0x00007fff222e0000 - 0x00007fff223aa000 	C:\Windows\SYSTEM32\DNSAPI.dll
0x00007fff25d20000 - 0x00007fff25d28000 	C:\Windows\System32\NSI.dll
0x00007ffed2490000 - 0x00007ffed24a2000 	C:\Windows\System32\winrnr.dll
0x00007fff181c0000 - 0x00007fff181ca000 	C:\Windows\System32\rasadhlp.dll
0x00007fff18030000 - 0x00007fff180b0000 	C:\Windows\System32\fwpuclnt.dll
0x00007fff237c0000 - 0x00007fff237e7000 	C:\Windows\System32\bcrypt.dll
0x00007fff23270000 - 0x00007fff23288000 	C:\Windows\SYSTEM32\CRYPTSP.dll
0x00007fff21ec0000 - 0x00007fff21ef4000 	C:\Windows\system32\rsaenh.dll
0x00007fff233a0000 - 0x00007fff233ce000 	C:\Windows\SYSTEM32\USERENV.dll
0x00007fff22810000 - 0x00007fff2281c000 	C:\Windows\SYSTEM32\CRYPTBASE.dll
0x00007fff1cae0000 - 0x00007fff1caf7000 	C:\Windows\SYSTEM32\dhcpcsvc6.DLL
0x00007fff1cac0000 - 0x00007fff1cadd000 	C:\Windows\SYSTEM32\dhcpcsvc.DLL
0x00007fff1e030000 - 0x00007fff1e03e000 	C:\Users\gokhan\.p2\pool\plugins\org.eclipse.justj.openjdk.hotspot.jre.full.win32.x86_64_18.0.2.v20220903-1139\jre\bin\sunmscapi.dll
0x00007fff23660000 - 0x00007fff237b6000 	C:\Windows\System32\CRYPT32.dll
0x00007fff228c0000 - 0x00007fff228e7000 	C:\Windows\SYSTEM32\ncrypt.dll
0x00007fff22880000 - 0x00007fff228bb000 	C:\Windows\SYSTEM32\NTASN1.dll

dbghelp: loaded successfully - version: 4.0.5 - missing functions: none
symbol engine: initialized successfully - sym options: 0x614 - pdb path: .;C:\Users\gokhan\.p2\pool\plugins\org.eclipse.justj.openjdk.hotspot.jre.full.win32.x86_64_18.0.2.v20220903-1139\jre\bin;C:\Windows\SYSTEM32;C:\Windows\WinSxS\amd64_microsoft.windows.common-controls_6595b64144ccf1df_6.0.19041.1110_none_60b5254171f9507e;C:\Users\gokhan\.p2\pool\plugins\org.eclipse.justj.openjdk.hotspot.jre.full.win32.x86_64_18.0.2.v20220903-1139\jre\bin\server

VM Arguments:
jvm_args: -Dfile.encoding=UTF-8 -XX:+ShowCodeDetailsInExceptionMessages 
java_command: kodlama.io.rentACar.RentACarApplication
java_class_path (initial): C:\campSpring\rentACar\target\classes;C:\Users\gokhan\.m2\repository\org\springframework\boot\spring-boot-starter-data-jpa\2.7.5\spring-boot-starter-data-jpa-2.7.5.jar;C:\Users\gokhan\.m2\repository\org\springframework\boot\spring-boot-starter-aop\2.7.5\spring-boot-starter-aop-2.7.5.jar;C:\Users\gokhan\.m2\repository\org\springframework\spring-aop\5.3.23\spring-aop-5.3.23.jar;C:\Users\gokhan\.m2\repository\org\aspectj\aspectjweaver\1.9.7\aspectjweaver-1.9.7.jar;C:\Users\gokhan\.m2\repository\org\springframework\boot\spring-boot-starter-jdbc\2.7.5\spring-boot-starter-jdbc-2.7.5.jar;C:\Users\gokhan\.m2\repository\com\zaxxer\HikariCP\4.0.3\HikariCP-4.0.3.jar;C:\Users\gokhan\.m2\repository\org\springframework\spring-jdbc\5.3.23\spring-jdbc-5.3.23.jar;C:\Users\gokhan\.m2\repository\jakarta\transaction\jakarta.transaction-api\1.3.3\jakarta.transaction-api-1.3.3.jar;C:\Users\gokhan\.m2\repository\jakarta\persistence\jakarta.persistence-api\2.2.3\jakarta.persistence-api-2.2.3.jar;C:\Users\gokhan\.m2\repository\org\hibernate\hibernate-core\5.6.12.Final\hibernate-core-5.6.12.Final.jar;C:\Users\gokhan\.m2\repository\org\jboss\logging\jboss-logging\3.4.3.Final\jboss-logging-3.4.3.Final.jar;C:\Users\gokhan\.m2\repository\net\bytebuddy\byte-buddy\1.12.18\byte-buddy-1.12.18.jar;C:\Users\gokhan\.m2\repository\antlr\antlr\2.7.7\antlr-2.7.7.jar;C:\Users\gokhan\.m2\repository\org\jboss\jandex\2.4.2.Final\jandex-2.4.2.Final.jar;C:\Users\gokhan\.m2\repository\com\fasterxml\classmate\1.5.1\classmate-1.5.1.jar;C:\Users\gokhan\.m2\repository\org\hibernate\common\hibernate-commons-annotations\5.1.2.Final\hibernate-commons-annotations-5.1.2.Final.jar;C:\Users\gokhan\.m2\repository\org\glassfish\jaxb\jaxb-runtime\2.3.7\jaxb-runtime-2.3.7.jar;C:\Users\gokhan\.m2\repository\org\glassfish\jaxb\txw2\2.3.7\txw2-2.3.7.jar;C:\Users\gokhan\.m2\repository\com\sun\istack\istack-commons-runtime\3.0.12\istack-commons-runtime-3.0.12.jar;C:\Users\gokhan\.m2\repository\com\sun\activation\jakarta.activation\1.2.2\jakarta.activation-1.2.2.jar;C:\Users\gokhan\.m2\repository\org\springframework\data\spring-data-jpa\2.7.5\spring-data-jpa-2.7.5.jar;C:\Users\gokhan\.m2\repository\org\springframework\data\spring-data-commons\2.7.5\spring-data-commons-2.7.5.jar;C:\Users\gokhan\.m2\repository\org\springframework\spring-orm\5.3.23\spring-orm-5.3.23.jar;C:\Users\gokhan\.m2\repository\org\springframework\spring-context\5.3.23\spring-context-5.3.23.jar;C:\Users\gokhan\.m2\repository\org\springframework\spring-tx\5.3.23\spring-tx-5.3.23.jar;C:\Users\gokhan\.m2\repository\org\springframework\spring-beans\5.3.23\spring-beans-5.3.23.jar;C:\Users\gokhan\.m2\repository\org\slf4j\slf4j-api\1.7.36\slf4j-api-1.7.36.jar;C:\Users\gokhan\.m2\repository\org\springframework\spring-aspects\5.3.23\spring-aspects-5.3.23.jar;C:\Users\gokhan\.m2\repository\org\springframework\boot\spring-boot-starter-validation\2.7.5\spring-boot-starter-validation-2.7.5.jar;C:\Users\gokhan\.m2\repository\org\springframework\boot\spring-boot-starter\2.7.5\spring-boot-starter-2.7.5.jar;C:\Users\gokhan\.m2\repository\org\springframework\boot\spring-boot-starter-logging\2.7.5\spring-boot-starter-logging-2.7.5.jar;C:\Users\gokhan\.m2\repository\ch\qos\logback\logback-classic\1.2.11\logback-classic-1.2.11.jar;C:\Users\gokhan\.m2\repository\ch\qos\logback\logback-core\1.2.11\logback-core-1.2.11.jar;C:\Users\gokhan\.m2\repository\org\apache\logging\log4j\log4j-to-slf4j\2.17.2\log4j-to-slf4j-2.17.2.jar;C:\Users\gokhan\.m2\repository\org\apache\logging\log4j\log4j-api\2.17.2\log4j-api-2.17.2.jar;C:\Users\gokhan\.m2\repository\org\slf4j\jul-to-slf4j\1.7.36\jul-to-slf4j-1.7.36.jar;C:\Users\gokhan\.m2\repository\jakarta\annotation\jakarta.annotation-api\1.3.5\jakarta.annotation-api-1.3.5.jar;C:\Users\gokhan\.m2\repository\org\yaml\snakeyaml\1.30\snakeyaml-1.30.jar;C:\Users\gokhan\.m2\repository\org\apache\tomcat\embed\tomcat-embed-el\9.0.68\tomcat-embed-el-9.0.68.jar;C:\Users\gokhan\.m2\repository\org\hibernate\validator\hibernate-validator\6.2.5.Final\hibernate-validator-6.2.5.Final.jar;C:\Users\gokhan\.m2\repository\jakarta\validation\jakarta.validation-api\2.0.2\jakarta.validation-api-2.0.2.jar;C:\Users\gokhan\.m2\repository\org\springframework\boot\spring-boot-starter-web\2.7.5\spring-boot-starter-web-2.7.5.jar;C:\Users\gokhan\.m2\repository\org\springframework\boot\spring-boot-starter-json\2.7.5\spring-boot-starter-json-2.7.5.jar;C:\Users\gokhan\.m2\repository\com\fasterxml\jackson\core\jackson-databind\2.13.4.2\jackson-databind-2.13.4.2.jar;C:\Users\gokhan\.m2\repository\com\fasterxml\jackson\core\jackson-annotations\2.13.4\jackson-annotations-2.13.4.jar;C:\Users\gokhan\.m2\repository\com\fasterxml\jackson\datatype\jackson-datatype-jdk8\2.13.4\jackson-datatype-jdk8-2.13.4.jar;C:\Users\gokhan\.m2\repository\com\fasterxml\jackson\datatype\jackson-datatype-jsr310\2.13.4\jackson-datatype-jsr310-2.13.4.jar;C:\Users\gokhan\.m2\repository\com\fasterxml\jackson\module\jackson-module-parameter-names\2.13.4\jackson-module-parameter-names-2.13.4.jar;C:\Users\gokhan\.m2\repository\org\springframework\boot\spring-boot-starter-tomcat\2.7.5\spring-boot-starter-tomcat-2.7.5.jar;C:\Users\gokhan\.m2\repository\org\apache\tomcat\embed\tomcat-embed-core\9.0.68\tomcat-embed-core-9.0.68.jar;C:\Users\gokhan\.m2\repository\org\apache\tomcat\embed\tomcat-embed-websocket\9.0.68\tomcat-embed-websocket-9.0.68.jar;C:\Users\gokhan\.m2\repository\org\springframework\spring-web\5.3.23\spring-web-5.3.23.jar;C:\Users\gokhan\.m2\repository\org\springframework\spring-webmvc\5.3.23\spring-webmvc-5.3.23.jar;C:\Users\gokhan\.m2\repository\org\springframework\spring-expression\5.3.23\spring-expression-5.3.23.jar;C:\Users\gokhan\.m2\repository\org\springframework\boot\spring-boot-devtools\2.7.5\spring-boot-devtools-2.7.5.jar;C:\Users\gokhan\.m2\repository\org\springframework\boot\spring-boot\2.7.5\spring-boot-2.7.5.jar;C:\Users\gokhan\.m2\repository\org\springframework\boot\spring-boot-autoconfigure\2.7.5\spring-boot-autoconfigure-2.7.5.jar;C:\Users\gokhan\.m2\repository\org\postgresql\postgresql\42.3.7\postgresql-42.3.7.jar;C:\Users\gokhan\.m2\repository\org\checkerframework\checker-qual\3.5.0\checker-qual-3.5.0.jar;C:\Users\gokhan\.m2\repository\org\projectlombok\lombok\1.18.24\lombok-1.18.24.jar;C:\Users\gokhan\.m2\repository\jakarta\xml\bind\jakarta.xml.bind-api\2.3.3\jakarta.xml.bind-api-2.3.3.jar;C:\Users\gokhan\.m2\repository\jakarta\activation\jakarta.activation-api\1.2.2\jakarta.activation-api-1.2.2.jar;C:\Users\gokhan\.m2\repository\org\springframework\spring-core\5.3.23\spring-core-5.3.23.jar;C:\Users\gokhan\.m2\repository\org\springframework\spring-jcl\5.3.23\spring-jcl-5.3.23.jar;C:\Users\gokhan\.m2\repository\org\springdoc\springdoc-openapi-ui\1.6.6\springdoc-openapi-ui-1.6.6.jar;C:\Users\gokhan\.m2\repository\org\springdoc\springdoc-openapi-webmvc-core\1.6.6\springdoc-openapi-webmvc-core-1.6.6.jar;C:\Users\gokhan\.m2\repository\org\springdoc\springdoc-openapi-common\1.6.6\springdoc-openapi-common-1.6.6.jar;C:\Users\gokhan\.m2\repository\io\swagger\core\v3\swagger-core\2.1.12\swagger-core-2.1.12.jar;C:\Users\gokhan\.m2\repository\org\apache\commons\commons-lang3\3.12.0\commons-lang3-3.12.0.jar;C:\Users\gokhan\.m2\repository\com\fasterxml\jackson\dataformat\jackson-dataformat-yaml\2.13.4\jackson-dataformat-yaml-2.13.4.jar;C:\Users\gokhan\.m2\repository\io\swagger\core\v3\swagger-annotations\2.1.12\swagger-annotations-2.1.12.jar;C:\Users\gokhan\.m2\repository\io\swagger\core\v3\swagger-models\2.1.12\swagger-models-2.1.12.jar;C:\Users\gokhan\.m2\repository\org\webjars\swagger-ui\4.5.0\swagger-ui-4.5.0.jar;C:\Users\gokhan\.m2\repository\org\webjars\webjars-locator-core\0.50\webjars-locator-core-0.50.jar;C:\Users\gokhan\.m2\repository\com\fasterxml\jackson\core\jackson-core\2.13.4\jackson-core-2.13.4.jar;C:\Users\gokhan\.m2\repository\io\github\classgraph\classgraph\4.8.138\classgraph-4.8.138.jar
Launcher Type: SUN_STANDARD

[Global flags]
     intx CICompilerCount                          = 3                                         {product} {ergonomic}
     uint ConcGCThreads                            = 1                                         {product} {ergonomic}
     uint G1ConcRefinementThreads                  = 4                                         {product} {ergonomic}
   size_t G1HeapRegionSize                         = 1048576                                   {product} {ergonomic}
    uintx GCDrainStackTargetSize                   = 64                                        {product} {ergonomic}
   size_t InitialHeapSize                          = 134217728                                 {product} {ergonomic}
   size_t MarkStackSize                            = 4194304                                   {product} {ergonomic}
   size_t MaxHeapSize                              = 2126512128                                {product} {ergonomic}
   size_t MaxNewSize                               = 1275068416                                {product} {ergonomic}
   size_t MinHeapDeltaBytes                        = 1048576                                   {product} {ergonomic}
   size_t MinHeapSize                              = 8388608                                   {product} {ergonomic}
    uintx NonNMethodCodeHeapSize                   = 5832780                                {pd product} {ergonomic}
    uintx NonProfiledCodeHeapSize                  = 122912730                              {pd product} {ergonomic}
    uintx ProfiledCodeHeapSize                     = 122912730                              {pd product} {ergonomic}
    uintx ReservedCodeCacheSize                    = 251658240                              {pd product} {ergonomic}
     bool SegmentedCodeCache                       = true                                      {product} {ergonomic}
     bool ShowCodeDetailsInExceptionMessages       = true                                   {manageable} {command line}
   size_t SoftMaxHeapSize                          = 2126512128                             {manageable} {ergonomic}
     bool UseCompressedClassPointers               = true                           {product lp64_product} {ergonomic}
     bool UseCompressedOops                        = true                           {product lp64_product} {ergonomic}
     bool UseG1GC                                  = true                                      {product} {ergonomic}
     bool UseLargePagesIndividualAllocation        = false                                  {pd product} {ergonomic}

Logging:
Log output configuration:
 #0: stdout all=warning uptime,level,tags foldmultilines=false
 #1: stderr all=off uptime,level,tags foldmultilines=false

Environment Variables:
PATH=C:/Users/gokhan/.p2/pool/plugins/org.eclipse.justj.openjdk.hotspot.jre.full.win32.x86_64_18.0.2.v20220903-1139/jre/bin/server;C:/Users/gokhan/.p2/pool/plugins/org.eclipse.justj.openjdk.hotspot.jre.full.win32.x86_64_18.0.2.v20220903-1139/jre/bin;C:\Program Files (x86)\Common Files\Oracle\Java\javapath;C:\Program Files (x86)\Intel\iCLS Client\;C:\Program Files\Intel\iCLS Client\;C:\Windows\system32;C:\Windows;C:\Windows\System32\Wbem;C:\Windows\System32\WindowsPowerShell\v1.0\;C:\Windows\System32\OpenSSH\;C:\Program Files (x86)\Intel\Intel(R) Management Engine Components\DAL;C:\Program Files\Intel\Intel(R) Management Engine Components\DAL;C:\Program Files (x86)\Intel\Intel(R) Management Engine Components\IPT;C:\Program Files\Intel\Intel(R) Management Engine Components\IPT;C:\Program Files\dotnet\;C:\Program Files\Git\cmd;C:\Users\gokhan\AppData\Local\Programs\Python\Python310\Scripts\;C:\Users\gokhan\AppData\Local\Programs\Python\Python310\;C:\Users\gokhan\AppData\Local\Microsoft\WindowsApps;C:\Users\gokhan\.dotnet\tools;C:\Users\gokhan\AppData\Local\GitHubDesktop\bin;C:\Windows\System32;
USERNAME=gokhan
OS=Windows_NT
PROCESSOR_IDENTIFIER=Intel64 Family 6 Model 158 Stepping 9, GenuineIntel



---------------  S Y S T E M  ---------------

OS:
 Windows 10 , 64 bit Build 19041 (10.0.19041.1889)
OS uptime: 0 days 18:26 hours

CPU: total 4 (initial active 4) (4 cores per cpu, 1 threads per core) family 6 model 158 stepping 9 microcode 0xb4, cx8, cmov, fxsr, mmx, 3dnowpref, sse, sse2, sse3, ssse3, sse4.1, sse4.2, popcnt, lzcnt, tsc, tscinvbit, avx, avx2, aes, erms, clmul, bmi1, bmi2, adx, fma, vzeroupper, clflush, clflushopt

Memory: 4k page, system-wide physical 8108M (2043M free)
TotalPageFile size 12460M (AvailPageFile size 3809M)
current process WorkingSet (physical memory assigned to process): 359M, peak: 386M
current process commit charge ("private bytes"): 433M, peak: 479M

vm_info: OpenJDK 64-Bit Server VM (18.0.2.1+1) for windows-amd64 JRE (18.0.2.1+1), built on Aug 25 2022 17:20:57 by "" with MS VC++ 16.7 (VS2019)

END.
